#
# A fatal error has been detected by the Java Runtime Environment:
#
#  SIGSEGV (0xb) at pc=0x0000000101a1844c, pid=18445, tid=1811
#
# JRE version: Java(TM) SE Runtime Environment (7.0_51-b13) (build 1.7.0_51-b13)
# Java VM: Java HotSpot(TM) 64-Bit Server VM (24.51-b03 mixed mode bsd-amd64 compressed oops)
# Problematic frame:
# V  [libjvm.dylib+0x41844c]
#
# Failed to write core dump. Core dumps have been disabled. To enable core dumping, try "ulimit -c unlimited" before starting Java again
#
# If you would like to submit a bug report, please visit:
#   http://bugreport.sun.com/bugreport/crash.jsp
#

---------------  T H R E A D  ---------------

Current thread is native thread

siginfo:si_signo=SIGSEGV: si_errno=0, si_code=1 (SEGV_MAPERR), si_addr=0x0000000000000110

Registers:
RAX=0x0000000000000000, RBX=0x00007fff5f0950d0, RCX=0x00007fff5f095068, RDX=0x00007fff5f0950d0
RSP=0x00007fff5f094c00, RBP=0x00007fff5f094c30, RSI=0x00007fff5f095068, RDI=0x0000000000000102
R8 =0x00007fff5f0950d0, R9 =0x00000000ffffffff, R10=0x0000000000000c00, R11=0x0000000000000206
R12=0x0000000000000c00, R13=0x0000000000000000, R14=0x00007fff5f095068, R15=0x0000000000000c03
RIP=0x0000000101a1844c, EFLAGS=0x0000000000010206, ERR=0x0000000000000004
  TRAPNO=0x000000000000000e

Top of Stack: (sp=0x00007fff5f094c00)
0x00007fff5f094c00:   00007fff00000000 00007fff5f0950d0
0x00007fff5f094c10:   0000000000000c00 0000000000000000
0x00007fff5f094c20:   00007fff5f0952f0 0000000000000c03
0x00007fff5f094c30:   00007fff5f094c40 00007fff8f2e0f1a
0x00007fff5f094c40:   00007fff5f0951d0 0000000100b86400
0x00007fff5f094c50:   00007fff5f094d40 00007fff8c2f2289
0x00007fff5f094c60:   0100001f00000085 00007fff7ba561b0
0x00007fff5f094c70:   0000000010004005 00000000ffffffff
0x00007fff5f094c80:   00007fff5f095188 0000000000000000
0x00007fff5f094c90:   00007fff5f0952f0 0000000007000806
0x00007fff5f094ca0:   00007fff5f0951d0 00007fff5f095188
0x00007fff5f094cb0:   0000000000000c03 00000000ffffffff
0x00007fff5f094cc0:   0000000000000c00 0000000000000206
0x00007fff5f094cd0:   0000000000000c00 0000000000000000
0x00007fff5f094ce0:   00007fff5f0952f0 0000000000000c03
0x00007fff5f094cf0:   00007fff8af064de 0000000000000206
0x00007fff5f094d00:   0000000000000007 0000000000000000
0x00007fff5f094d10:   0000000000000000 0000000000000000
0x00007fff5f094d20:   000000000000037f 0000000000000000
0x00007fff5f094d30:   0000000000000000 0000ffff00001fa0
0x00007fff5f094d40:   0000000000000000 000000000000ffff
0x00007fff5f094d50:   0000000000000100 000000000000ffff
0x00007fff5f094d60:   0000000000000000 0000000000000000
0x00007fff5f094d70:   0000000000000000 0000000000000000
0x00007fff5f094d80:   87bc000000000000 000000000000c00b
0x00007fff5f094d90:   0000000000000000 0000000000000000
0x00007fff5f094da0:   bb78000000000000 000000000000400b
0x00007fff5f094db0:   0000000000000000 0000000000000000
0x00007fff5f094dc0:   41bbbf8363df4c90 0000000000000000
0x00007fff5f094dd0:   41bbbf8363000000 0000000000000000
0x00007fff5f094de0:   c3de3f3c61ca7441 439c0c39e358bbea
0x00007fff5f094df0:   75646f6d5f65646f 647070612f73656c 

Instructions: (pc=0x0000000101a1844c)
0x0000000101a1842c:   08 48 89 d3 49 89 f6 e8 42 03 12 00 8b 00 89 45
0x0000000101a1843c:   d0 48 8d 05 ec 1b 35 00 48 63 38 e8 da 05 12 00
0x0000000101a1844c:   4c 8b b8 10 01 00 00 41 83 7f 34 01 0f 85 0a 01
0x0000000101a1845c:   00 00 4d 8d 67 34 49 89 5f 40 4d 89 77 38 48 8d 

Register to memory mapping:

RAX=0x0000000000000000 is an unknown value
RBX=0x00007fff5f0950d0 is an unknown value
RCX=0x00007fff5f095068 is an unknown value
RDX=0x00007fff5f0950d0 is an unknown value
RSP=0x00007fff5f094c00 is an unknown value
RBP=0x00007fff5f094c30 is an unknown value
RSI=0x00007fff5f095068 is an unknown value
RDI=0x0000000000000102 is an unknown value
R8 =0x00007fff5f0950d0 is an unknown value
R9 =0x00000000ffffffff is an unknown value
R10=0x0000000000000c00 is an unknown value
R11=0x0000000000000206 is an unknown value
R12=0x0000000000000c00 is an unknown value
R13=0x0000000000000000 is an unknown value
R14=0x00007fff5f095068 is an unknown value
R15=0x0000000000000c03 is an unknown value


Stack: [0x00007fff5f018000,0x00007fff5f098000],  sp=0x00007fff5f094c00,  free space=499k
Native frames: (J=compiled Java code, j=interpreted, Vv=VM code, C=native code)
V  [libjvm.dylib+0x41844c]
C  [libsystem_platform.dylib+0x4f1a]  _sigtramp+0x1a
C  0x0000000100b86400
C  [CoreFoundation+0x72eb4]  __CFRunLoopServiceMachPort+0xd4
C  [CoreFoundation+0x7237b]  __CFRunLoopRun+0x55b
C  [CoreFoundation+0x71bd8]  CFRunLoopRunSpecific+0x128
C  [java+0x73b0]  CreateExecutionEnvironment+0x367
C  [java+0x1b5c]  JLI_Launch+0x7a0
C  [java+0x770d]  main+0x65
C  [java+0x13b4]  start+0x34


---------------  P R O C E S S  ---------------

VM state:not at safepoint (normal execution)

VM Mutex/Monitor currently owned by a thread: None

Heap
 PSYoungGen      total 59904K, used 58781K [0x00000007f9c00000, 0x00000007fdf00000, 0x0000000800000000)
  eden space 52736K, 99% used [0x00000007f9c00000,0x00000007fcf1c5e8,0x00000007fcf80000)
  from space 7168K, 89% used [0x00000007fd700000,0x00000007fdd4b098,0x00000007fde00000)
  to   space 7680K, 0% used [0x00000007fcf80000,0x00000007fcf80000,0x00000007fd700000)
 ParOldGen       total 34304K, used 10805K [0x00000007ed400000, 0x00000007ef580000, 0x00000007f9c00000)
  object space 34304K, 31% used [0x00000007ed400000,0x00000007ede8d470,0x00000007ef580000)
 PSPermGen       total 22016K, used 21746K [0x00000007e5c00000, 0x00000007e7180000, 0x00000007ed400000)
  object space 22016K, 98% used [0x00000007e5c00000,0x00000007e713c888,0x00000007e7180000)

Card table byte_map: [0x0000000105113000,0x00000001051e6000] byte_map_base: 0x00000001011e5000

Polling page: 0x0000000100dbd000

Code Cache  [0x0000000102053000, 0x00000001022c3000, 0x0000000105053000)
 total_blobs=688 nmethods=317 adapters=325 free_code_cache=48046Kb largest_free_block=49148480

Compilation events (10 events):
Event: 2060.866 Thread 0x00007fe35c812000  323             org.apache.http.util.Args::notNull (33 bytes)
Event: 2060.867 Thread 0x00007fe35c812000 nmethod 323 0x00000001020d4310 code [0x00000001020d4440, 0x00000001020d4498]
Event: 2081.195 Thread 0x00007fe35d02a800  324             com.singularity.util.org.apache.log4j.PatternLayout::format (72 bytes)
Event: 2081.205 Thread 0x00007fe35d02a800 nmethod 324 0x00000001021121d0 code [0x0000000102112380, 0x0000000102113088]
Event: 2201.900 Thread 0x00007fe35c812000  325             com.singularity.ee.agent.appagent.kernel.config.xml.i::isInitialized (11 bytes)
Event: 2201.901 Thread 0x00007fe35c812000 nmethod 325 0x000000010216c410 code [0x000000010216c560, 0x000000010216c5f8]
Event: 2252.474 Thread 0x00007fe35d02a800  326             com.singularity.ee.agent.appagent.kernel.config.xml.i::isInitializedAndAgentEnabled (20 bytes)
Event: 2252.474 Thread 0x00007fe35d02a800 nmethod 326 0x000000010216c110 code [0x000000010216c260, 0x000000010216c318]
Event: 2302.207 Thread 0x00007fe35c812000  327             com.singularity.ee.util.string.d::c (17 bytes)
Event: 2302.208 Thread 0x00007fe35c812000 nmethod 327 0x00000001020ea690 code [0x00000001020ea7c0, 0x00000001020ea838]

GC Heap History (10 events):
Event: 0.709 GC heap before
{Heap before GC invocations=2 (full 0):
 PSYoungGen      total 15360K, used 15341K [0x00000007f9c00000, 0x00000007fad00000, 0x0000000800000000)
  eden space 13312K, 100% used [0x00000007f9c00000,0x00000007fa900000,0x00000007fa900000)
  from space 2048K, 99% used [0x00000007fa900000,0x00000007faafb778,0x00000007fab00000)
  to   space 2048K, 0% used [0x00000007fab00000,0x00000007fab00000,0x00000007fad00000)
 ParOldGen       total 34304K, used 610K [0x00000007ed400000, 0x00000007ef580000, 0x00000007f9c00000)
  object space 34304K, 1% used [0x00000007ed400000,0x00000007ed498bb0,0x00000007ef580000)
 PSPermGen       total 21504K, used 9007K [0x00000007e5c00000, 0x00000007e7100000, 0x00000007ed400000)
  object space 21504K, 41% used [0x00000007e5c00000,0x00000007e64cbfd0,0x00000007e7100000)
Event: 0.715 GC heap after
Heap after GC invocations=2 (full 0):
 PSYoungGen      total 15360K, used 2016K [0x00000007f9c00000, 0x00000007fba00000, 0x0000000800000000)
  eden space 13312K, 0% used [0x00000007f9c00000,0x00000007f9c00000,0x00000007fa900000)
  from space 2048K, 98% used [0x00000007fab00000,0x00000007facf8300,0x00000007fad00000)
  to   space 2048K, 0% used [0x00000007fa900000,0x00000007fa900000,0x00000007fab00000)
 ParOldGen       total 34304K, used 2169K [0x00000007ed400000, 0x00000007ef580000, 0x00000007f9c00000)
  object space 34304K, 6% used [0x00000007ed400000,0x00000007ed61e5c0,0x00000007ef580000)
 PSPermGen       total 21504K, used 9007K [0x00000007e5c00000, 0x00000007e7100000, 0x00000007ed400000)
  object space 21504K, 41% used [0x00000007e5c00000,0x00000007e64cbfd0,0x00000007e7100000)
}
Event: 0.918 GC heap before
{Heap before GC invocations=3 (full 0):
 PSYoungGen      total 15360K, used 15328K [0x00000007f9c00000, 0x00000007fba00000, 0x0000000800000000)
  eden space 13312K, 100% used [0x00000007f9c00000,0x00000007fa900000,0x00000007fa900000)
  from space 2048K, 98% used [0x00000007fab00000,0x00000007facf8300,0x00000007fad00000)
  to   space 2048K, 0% used [0x00000007fa900000,0x00000007fa900000,0x00000007fab00000)
 ParOldGen       total 34304K, used 2169K [0x00000007ed400000, 0x00000007ef580000, 0x00000007f9c00000)
  object space 34304K, 6% used [0x00000007ed400000,0x00000007ed61e5c0,0x00000007ef580000)
 PSPermGen       total 21504K, used 10837K [0x00000007e5c00000, 0x00000007e7100000, 0x00000007ed400000)
  object space 21504K, 50% used [0x00000007e5c00000,0x00000007e66957d0,0x00000007e7100000)
Event: 0.922 GC heap after
Heap after GC invocations=3 (full 0):
 PSYoungGen      total 15360K, used 2048K [0x00000007f9c00000, 0x00000007fba00000, 0x0000000800000000)
  eden space 13312K, 0% used [0x00000007f9c00000,0x00000007f9c00000,0x00000007fa900000)
  from space 2048K, 100% used [0x00000007fa900000,0x00000007fab00000,0x00000007fab00000)
  to   space 2048K, 0% used [0x00000007fb800000,0x00000007fb800000,0x00000007fba00000)
 ParOldGen       total 34304K, used 3468K [0x00000007ed400000, 0x00000007ef580000, 0x00000007f9c00000)
  object space 34304K, 10% used [0x00000007ed400000,0x00000007ed7633b0,0x00000007ef580000)
 PSPermGen       total 21504K, used 10837K [0x00000007e5c00000, 0x00000007e7100000, 0x00000007ed400000)
  object space 21504K, 50% used [0x00000007e5c00000,0x00000007e66957d0,0x00000007e7100000)
}
Event: 1.093 GC heap before
{Heap before GC invocations=4 (full 0):
 PSYoungGen      total 15360K, used 15360K [0x00000007f9c00000, 0x00000007fba00000, 0x0000000800000000)
  eden space 13312K, 100% used [0x00000007f9c00000,0x00000007fa900000,0x00000007fa900000)
  from space 2048K, 100% used [0x00000007fa900000,0x00000007fab00000,0x00000007fab00000)
  to   space 2048K, 0% used [0x00000007fb800000,0x00000007fb800000,0x00000007fba00000)
 ParOldGen       total 34304K, used 3468K [0x00000007ed400000, 0x00000007ef580000, 0x00000007f9c00000)
  object space 34304K, 10% used [0x00000007ed400000,0x00000007ed7633b0,0x00000007ef580000)
 PSPermGen       total 21504K, used 12505K [0x00000007e5c00000, 0x00000007e7100000, 0x00000007ed400000)
  object space 21504K, 58% used [0x00000007e5c00000,0x00000007e68366b8,0x00000007e7100000)
Event: 1.103 GC heap after
Heap after GC invocations=4 (full 0):
 PSYoungGen      total 28672K, used 2017K [0x00000007f9c00000, 0x00000007fba00000, 0x0000000800000000)
  eden space 26624K, 0% used [0x00000007f9c00000,0x00000007f9c00000,0x00000007fb600000)
  from space 2048K, 98% used [0x00000007fb800000,0x00000007fb9f8520,0x00000007fba00000)
  to   space 2048K, 0% used [0x00000007fb600000,0x00000007fb600000,0x00000007fb800000)
 ParOldGen       total 34304K, used 5501K [0x00000007ed400000, 0x00000007ef580000, 0x00000007f9c00000)
  object space 34304K, 16% used [0x00000007ed400000,0x00000007ed95f668,0x00000007ef580000)
 PSPermGen       total 21504K, used 12505K [0x00000007e5c00000, 0x00000007e7100000, 0x00000007ed400000)
  object space 21504K, 58% used [0x00000007e5c00000,0x00000007e68366b8,0x00000007e7100000)
}
Event: 1.590 GC heap before
{Heap before GC invocations=5 (full 0):
 PSYoungGen      total 28672K, used 28641K [0x00000007f9c00000, 0x00000007fba00000, 0x0000000800000000)
  eden space 26624K, 100% used [0x00000007f9c00000,0x00000007fb600000,0x00000007fb600000)
  from space 2048K, 98% used [0x00000007fb800000,0x00000007fb9f8520,0x00000007fba00000)
  to   space 2048K, 0% used [0x00000007fb600000,0x00000007fb600000,0x00000007fb800000)
 ParOldGen       total 34304K, used 5501K [0x00000007ed400000, 0x00000007ef580000, 0x00000007f9c00000)
  object space 34304K, 16% used [0x00000007ed400000,0x00000007ed95f668,0x00000007ef580000)
 PSPermGen       total 21504K, used 17607K [0x00000007e5c00000, 0x00000007e7100000, 0x00000007ed400000)
  object space 21504K, 81% used [0x00000007e5c00000,0x00000007e6d31f10,0x00000007e7100000)
Event: 1.606 GC heap after
Heap after GC invocations=5 (full 0):
 PSYoungGen      total 28672K, used 2016K [0x00000007f9c00000, 0x00000007fde00000, 0x0000000800000000)
  eden space 26624K, 0% used [0x00000007f9c00000,0x00000007f9c00000,0x00000007fb600000)
  from space 2048K, 98% used [0x00000007fb600000,0x00000007fb7f8020,0x00000007fb800000)
  to   space 7168K, 0% used [0x00000007fd700000,0x00000007fd700000,0x00000007fde00000)
 ParOldGen       total 34304K, used 10805K [0x00000007ed400000, 0x00000007ef580000, 0x00000007f9c00000)
  object space 34304K, 31% used [0x00000007ed400000,0x00000007ede8d470,0x00000007ef580000)
 PSPermGen       total 21504K, used 17607K [0x00000007e5c00000, 0x00000007e7100000, 0x00000007ed400000)
  object space 21504K, 81% used [0x00000007e5c00000,0x00000007e6d31f10,0x00000007e7100000)
}
Event: 2.343 GC heap before
{Heap before GC invocations=6 (full 0):
 PSYoungGen      total 28672K, used 28640K [0x00000007f9c00000, 0x00000007fde00000, 0x0000000800000000)
  eden space 26624K, 100% used [0x00000007f9c00000,0x00000007fb600000,0x00000007fb600000)
  from space 2048K, 98% used [0x00000007fb600000,0x00000007fb7f8020,0x00000007fb800000)
  to   space 7168K, 0% used [0x00000007fd700000,0x00000007fd700000,0x00000007fde00000)
 ParOldGen       total 34304K, used 10805K [0x00000007ed400000, 0x00000007ef580000, 0x00000007f9c00000)
  object space 34304K, 31% used [0x00000007ed400000,0x00000007ede8d470,0x00000007ef580000)
 PSPermGen       total 21504K, used 21141K [0x00000007e5c00000, 0x00000007e7100000, 0x00000007ed400000)
  object space 21504K, 98% used [0x00000007e5c00000,0x00000007e70a5658,0x00000007e7100000)
Event: 2.353 GC heap after
Heap after GC invocations=6 (full 0):
 PSYoungGen      total 59904K, used 6444K [0x00000007f9c00000, 0x00000007fdf00000, 0x0000000800000000)
  eden space 52736K, 0% used [0x00000007f9c00000,0x00000007f9c00000,0x00000007fcf80000)
  from space 7168K, 89% used [0x00000007fd700000,0x00000007fdd4b098,0x00000007fde00000)
  to   space 7680K, 0% used [0x00000007fcf80000,0x00000007fcf80000,0x00000007fd700000)
 ParOldGen       total 34304K, used 10805K [0x00000007ed400000, 0x00000007ef580000, 0x00000007f9c00000)
  object space 34304K, 31% used [0x00000007ed400000,0x00000007ede8d470,0x00000007ef580000)
 PSPermGen       total 21504K, used 21141K [0x00000007e5c00000, 0x00000007e7100000, 0x00000007ed400000)
  object space 21504K, 98% used [0x00000007e5c00000,0x00000007e70a5658,0x00000007e7100000)
}

Deoptimization events (10 events):
Event: 1.238 Thread 0x00007fe35c8a7000 Uncommon trap: reason=unreached action=reinterpret pc=0x00000001020d8ae8 method=java.util.regex.Pattern.compile()V @ 271
Event: 1.259 Thread 0x00007fe35c8a7000 Uncommon trap: reason=unloaded action=reinterpret pc=0x00000001020e99e8 method=java.util.regex.Pattern.escape(ZZ)I @ 711
Event: 1.299 Thread 0x00007fe35c8a7000 Uncommon trap: reason=unloaded action=reinterpret pc=0x00000001020d477c method=java.util.regex.Pattern.RemoveQEQuoting()V @ 109
Event: 1.299 Thread 0x00007fe35c8a7000 Uncommon trap: reason=unreached action=reinterpret pc=0x0000000102112a4c method=java.util.regex.Pattern.sequence(Ljava/util/regex/Pattern$Node;)Ljava/util/regex/Pattern$Node; @ 536
Event: 1.299 Thread 0x00007fe35c8a7000 Uncommon trap: reason=unloaded action=reinterpret pc=0x0000000102119eac method=java.util.regex.Pattern.expr(Ljava/util/regex/Pattern$Node;)Ljava/util/regex/Pattern$Node; @ 38
Event: 41.199 Thread 0x00007fe35c977800 Uncommon trap: reason=class_check action=maybe_recompile pc=0x0000000102138de8 method=com.singularity.ee.util.collections.bounded.f.c(I)Z @ 19
Event: 61.188 Thread 0x00007fe35d8a7000 Uncommon trap: reason=class_check action=maybe_recompile pc=0x0000000102138de8 method=com.singularity.ee.util.collections.bounded.f.c(I)Z @ 19
Event: 61.555 Thread 0x00007fe35d166800 Uncommon trap: reason=unreached action=reinterpret pc=0x000000010213decc method=java.util.concurrent.DelayQueue.take()Ljava/util/concurrent/Delayed; @ 68
Event: 101.197 Thread 0x00007fe35c977800 Uncommon trap: reason=class_check action=maybe_recompile pc=0x0000000102138de8 method=com.singularity.ee.util.collections.bounded.f.c(I)Z @ 19
Event: 161.195 Thread 0x00007fe35c977800 Uncommon trap: reason=class_check action=maybe_recompile pc=0x0000000102138de8 method=com.singularity.ee.util.collections.bounded.f.c(I)Z @ 19

Internal exceptions (10 events):
Event: 2.341 Thread 0x00007fe35c8a7000 Threw 0x00000007fb5a5200 at /HUDSON/workspace/7u-2-build-macosx-x86_64/jdk7u51/527/hotspot/src/share/vm/prims/jvm.cpp:1244
Event: 2.342 Thread 0x00007fe35c8a7000 Threw 0x00000007fb5b66b8 at /HUDSON/workspace/7u-2-build-macosx-x86_64/jdk7u51/527/hotspot/src/share/vm/prims/jvm.cpp:1244
Event: 2.342 Thread 0x00007fe35c8a7000 Threw 0x00000007fb5bdf80 at /HUDSON/workspace/7u-2-build-macosx-x86_64/jdk7u51/527/hotspot/src/share/vm/prims/jvm.cpp:1244
Event: 2.342 Thread 0x00007fe35c8a7000 Threw 0x00000007fb5cf418 at /HUDSON/workspace/7u-2-build-macosx-x86_64/jdk7u51/527/hotspot/src/share/vm/prims/jvm.cpp:1244
Event: 2.342 Thread 0x00007fe35c8a7000 Threw 0x00000007fb5d6ce0 at /HUDSON/workspace/7u-2-build-macosx-x86_64/jdk7u51/527/hotspot/src/share/vm/prims/jvm.cpp:1244
Event: 2.428 Thread 0x00007fe35d166800 Threw 0x00000007f9cf9788 at /HUDSON/workspace/7u-2-build-macosx-x86_64/jdk7u51/527/hotspot/src/share/vm/prims/jvm.cpp:1244
Event: 2.671 Thread 0x00007fe35c1a2000 Threw 0x00000007fa02c540 at /HUDSON/workspace/7u-2-build-macosx-x86_64/jdk7u51/527/hotspot/src/share/vm/prims/jvm.cpp:1244
Event: 2.675 Thread 0x00007fe35c1a2000 Threw 0x00000007fa0b20a0 at /HUDSON/workspace/7u-2-build-macosx-x86_64/jdk7u51/527/hotspot/src/share/vm/prims/jvm.cpp:1244
Event: 2.675 Thread 0x00007fe35c1a2000 Threw 0x00000007fa0b6b98 at /HUDSON/workspace/7u-2-build-macosx-x86_64/jdk7u51/527/hotspot/src/share/vm/prims/jvm.cpp:1244
Event: 121.266 Thread 0x00007fe35d166800 Threw 0x00000007f9d44210 at /HUDSON/workspace/7u-2-build-macosx-x86_64/jdk7u51/527/hotspot/src/share/vm/prims/jvm.cpp:1244

Events (10 events):
Event: 121.266 loading class 0x00007fe35d882bc0 done
Event: 161.195 Thread 0x00007fe35c977800 Uncommon trap: trap_request=0xffffffde fr.pc=0x0000000102138de8
Event: 161.195 Thread 0x00007fe35c977800 DEOPT PACKING pc=0x0000000102138de8 sp=0x000000010a5dd6c0
Event: 161.195 Thread 0x00007fe35c977800 DEOPT UNPACKING pc=0x000000010208c045 sp=0x000000010a5dd670 mode 2
Event: 1940.204 Thread 0x00007fe35c812000 flushing nmethod 0x00000001020c8a50
Event: 1940.206 Thread 0x00007fe35d02a800 flushing nmethod 0x00000001020d4310
Event: 1940.206 Thread 0x00007fe35d02a800 flushing nmethod 0x00000001020d8250
Event: 1940.211 Thread 0x00007fe35c812000 flushing nmethod 0x00000001020e9250
Event: 2000.560 Thread 0x00007fe35c812000 flushing nmethod 0x00000001021121d0
Event: 2000.560 Thread 0x00007fe35c812000 flushing nmethod 0x0000000102119810


Dynamic libraries:
0x000000000962c000 	/System/Library/Frameworks/Cocoa.framework/Versions/A/Cocoa
0x000000000962c000 	/System/Library/Frameworks/Security.framework/Versions/A/Security
0x000000000962c000 	/System/Library/Frameworks/ApplicationServices.framework/Versions/A/ApplicationServices
0x000000000962c000 	/usr/lib/libz.1.dylib
0x000000000962c000 	/usr/lib/libSystem.B.dylib
0x000000000962c000 	/usr/lib/libobjc.A.dylib
0x000000000962c000 	/System/Library/Frameworks/CoreFoundation.framework/Versions/A/CoreFoundation
0x000000000962c000 	/System/Library/Frameworks/Foundation.framework/Versions/C/Foundation
0x000000000962c000 	/System/Library/Frameworks/AppKit.framework/Versions/C/AppKit
0x000000000962c000 	/System/Library/Frameworks/CoreData.framework/Versions/A/CoreData
0x000000000962c000 	/System/Library/PrivateFrameworks/RemoteViewServices.framework/Versions/A/RemoteViewServices
0x000000000962c000 	/System/Library/PrivateFrameworks/UIFoundation.framework/Versions/A/UIFoundation
0x000000000962c000 	/System/Library/Frameworks/IOSurface.framework/Versions/A/IOSurface
0x000000000962c000 	/System/Library/Frameworks/AudioToolbox.framework/Versions/A/AudioToolbox
0x000000000962c000 	/System/Library/Frameworks/AudioUnit.framework/Versions/A/AudioUnit
0x000000000962c000 	/System/Library/PrivateFrameworks/DataDetectorsCore.framework/Versions/A/DataDetectorsCore
0x000000000962c000 	/System/Library/PrivateFrameworks/DesktopServicesPriv.framework/Versions/A/DesktopServicesPriv
0x000000000962c000 	/System/Library/Frameworks/Carbon.framework/Versions/A/Frameworks/HIToolbox.framework/Versions/A/HIToolbox
0x000000000962c000 	/System/Library/Frameworks/QuartzCore.framework/Versions/A/QuartzCore
0x000000000962c000 	/System/Library/Frameworks/Carbon.framework/Versions/A/Frameworks/SpeechRecognition.framework/Versions/A/SpeechRecognition
0x000000000962c000 	/usr/lib/libauto.dylib
0x000000000962c000 	/usr/lib/libicucore.A.dylib
0x000000000962c000 	/usr/lib/libxml2.2.dylib
0x000000000962c000 	/System/Library/PrivateFrameworks/CoreUI.framework/Versions/A/CoreUI
0x000000000962c000 	/System/Library/Frameworks/CoreAudio.framework/Versions/A/CoreAudio
0x000000000962c000 	/System/Library/Frameworks/DiskArbitration.framework/Versions/A/DiskArbitration
0x000000000962c000 	/usr/lib/liblangid.dylib
0x000000000962c000 	/System/Library/PrivateFrameworks/MultitouchSupport.framework/Versions/A/MultitouchSupport
0x000000000962c000 	/System/Library/Frameworks/IOKit.framework/Versions/A/IOKit
0x000000000962c000 	/usr/lib/libDiagnosticMessagesClient.dylib
0x000000000962c000 	/System/Library/Frameworks/CoreServices.framework/Versions/A/CoreServices
0x000000000962c000 	/System/Library/PrivateFrameworks/PerformanceAnalysis.framework/Versions/A/PerformanceAnalysis
0x000000000962c000 	/System/Library/PrivateFrameworks/GenerationalStorage.framework/Versions/A/GenerationalStorage
0x000000000962c000 	/System/Library/Frameworks/OpenGL.framework/Versions/A/OpenGL
0x000000000962c000 	/System/Library/PrivateFrameworks/Sharing.framework/Versions/A/Sharing
0x000000000962c000 	/System/Library/Frameworks/CoreGraphics.framework/Versions/A/CoreGraphics
0x000000000962c000 	/System/Library/Frameworks/CoreText.framework/Versions/A/CoreText
0x000000000962c000 	/System/Library/Frameworks/ImageIO.framework/Versions/A/ImageIO
0x000000000962c000 	/usr/lib/libextension.dylib
0x000000000962c000 	/System/Library/PrivateFrameworks/Backup.framework/Versions/A/Backup
0x000000000962c000 	/usr/lib/libarchive.2.dylib
0x000000000962c000 	/System/Library/Frameworks/CFNetwork.framework/Versions/A/CFNetwork
0x000000000962c000 	/System/Library/Frameworks/SystemConfiguration.framework/Versions/A/SystemConfiguration
0x000000000962c000 	/usr/lib/libCRFSuite.dylib
0x000000000962c000 	/usr/lib/libc++.1.dylib
0x000000000962c000 	/usr/lib/libc++abi.dylib
0x000000000962c000 	/usr/lib/system/libcache.dylib
0x000000000962c000 	/usr/lib/system/libcommonCrypto.dylib
0x000000000962c000 	/usr/lib/system/libcompiler_rt.dylib
0x000000000962c000 	/usr/lib/system/libcopyfile.dylib
0x000000000962c000 	/usr/lib/system/libcorecrypto.dylib
0x000000000962c000 	/usr/lib/system/libdispatch.dylib
0x000000000962c000 	/usr/lib/system/libdyld.dylib
0x000000000962c000 	/usr/lib/system/libkeymgr.dylib
0x000000000962c000 	/usr/lib/system/liblaunch.dylib
0x000000000962c000 	/usr/lib/system/libmacho.dylib
0x000000000962c000 	/usr/lib/system/libquarantine.dylib
0x000000000962c000 	/usr/lib/system/libremovefile.dylib
0x000000000962c000 	/usr/lib/system/libsystem_asl.dylib
0x000000000962c000 	/usr/lib/system/libsystem_blocks.dylib
0x000000000962c000 	/usr/lib/system/libsystem_c.dylib
0x000000000962c000 	/usr/lib/system/libsystem_configuration.dylib
0x000000000962c000 	/usr/lib/system/libsystem_coreservices.dylib
0x000000000962c000 	/usr/lib/system/libsystem_coretls.dylib
0x000000000962c000 	/usr/lib/system/libsystem_dnssd.dylib
0x000000000962c000 	/usr/lib/system/libsystem_info.dylib
0x000000000962c000 	/usr/lib/system/libsystem_kernel.dylib
0x000000000962c000 	/usr/lib/system/libsystem_m.dylib
0x000000000962c000 	/usr/lib/system/libsystem_malloc.dylib
0x000000000962c000 	/usr/lib/system/libsystem_network.dylib
0x000000000962c000 	/usr/lib/system/libsystem_networkextension.dylib
0x000000000962c000 	/usr/lib/system/libsystem_notify.dylib
0x000000000962c000 	/usr/lib/system/libsystem_platform.dylib
0x000000000962c000 	/usr/lib/system/libsystem_pthread.dylib
0x000000000962c000 	/usr/lib/system/libsystem_sandbox.dylib
0x000000000962c000 	/usr/lib/system/libsystem_secinit.dylib
0x000000000962c000 	/usr/lib/system/libsystem_stats.dylib
0x000000000962c000 	/usr/lib/system/libsystem_trace.dylib
0x000000000962c000 	/usr/lib/system/libunc.dylib
0x000000000962c000 	/usr/lib/system/libunwind.dylib
0x000000000962c000 	/usr/lib/system/libxpc.dylib
0x000000000962c000 	/usr/lib/libbz2.1.0.dylib
0x000000000962c000 	/usr/lib/liblzma.5.dylib
0x000000000962c000 	/usr/lib/libbsm.0.dylib
0x000000000962c000 	/usr/lib/libsqlite3.dylib
0x000000000962c000 	/usr/lib/system/libkxld.dylib
0x000000000962c000 	/usr/lib/libxar.1.dylib
0x000000000962c000 	/usr/lib/libpam.2.dylib
0x000000000962c000 	/usr/lib/libOpenScriptingUtil.dylib
0x000000000962c000 	/System/Library/Frameworks/CoreServices.framework/Versions/A/Frameworks/FSEvents.framework/Versions/A/FSEvents
0x000000000962c000 	/System/Library/Frameworks/CoreServices.framework/Versions/A/Frameworks/CarbonCore.framework/Versions/A/CarbonCore
0x000000000962c000 	/System/Library/Frameworks/CoreServices.framework/Versions/A/Frameworks/Metadata.framework/Versions/A/Metadata
0x000000000962c000 	/System/Library/Frameworks/CoreServices.framework/Versions/A/Frameworks/OSServices.framework/Versions/A/OSServices
0x000000000962c000 	/System/Library/Frameworks/CoreServices.framework/Versions/A/Frameworks/SearchKit.framework/Versions/A/SearchKit
0x000000000962c000 	/System/Library/Frameworks/CoreServices.framework/Versions/A/Frameworks/AE.framework/Versions/A/AE
0x000000000962c000 	/System/Library/Frameworks/CoreServices.framework/Versions/A/Frameworks/LaunchServices.framework/Versions/A/LaunchServices
0x000000000962c000 	/System/Library/Frameworks/CoreServices.framework/Versions/A/Frameworks/DictionaryServices.framework/Versions/A/DictionaryServices
0x000000000962c000 	/System/Library/Frameworks/NetFS.framework/Versions/A/NetFS
0x000000000962c000 	/System/Library/PrivateFrameworks/NetAuth.framework/Versions/A/NetAuth
0x000000000962c000 	/System/Library/PrivateFrameworks/login.framework/Versions/A/Frameworks/loginsupport.framework/Versions/A/loginsupport
0x000000000962c000 	/System/Library/PrivateFrameworks/TCC.framework/Versions/A/TCC
0x000000000962c000 	/usr/lib/libmecabra.dylib
0x000000000962c000 	/System/Library/Frameworks/ApplicationServices.framework/Versions/A/Frameworks/ATS.framework/Versions/A/ATS
0x000000000962c000 	/System/Library/Frameworks/ApplicationServices.framework/Versions/A/Frameworks/ColorSync.framework/Versions/A/ColorSync
0x000000000962c000 	/System/Library/Frameworks/ApplicationServices.framework/Versions/A/Frameworks/HIServices.framework/Versions/A/HIServices
0x000000000962c000 	/System/Library/Frameworks/ApplicationServices.framework/Versions/A/Frameworks/LangAnalysis.framework/Versions/A/LangAnalysis
0x000000000962c000 	/System/Library/Frameworks/ApplicationServices.framework/Versions/A/Frameworks/PrintCore.framework/Versions/A/PrintCore
0x000000000962c000 	/System/Library/Frameworks/ApplicationServices.framework/Versions/A/Frameworks/QD.framework/Versions/A/QD
0x000000000962c000 	/System/Library/Frameworks/ApplicationServices.framework/Versions/A/Frameworks/SpeechSynthesis.framework/Versions/A/SpeechSynthesis
0x000000000962c000 	/System/Library/Frameworks/Accelerate.framework/Versions/A/Accelerate
0x000000000962c000 	/System/Library/Frameworks/Accelerate.framework/Versions/A/Frameworks/vImage.framework/Versions/A/vImage
0x000000000962c000 	/System/Library/Frameworks/Accelerate.framework/Versions/A/Frameworks/vecLib.framework/Versions/A/vecLib
0x000000000962c000 	/System/Library/Frameworks/Accelerate.framework/Versions/A/Frameworks/vecLib.framework/Versions/A/libvDSP.dylib
0x000000000962c000 	/System/Library/Frameworks/Accelerate.framework/Versions/A/Frameworks/vecLib.framework/Versions/A/libvMisc.dylib
0x000000000962c000 	/System/Library/Frameworks/Accelerate.framework/Versions/A/Frameworks/vecLib.framework/Versions/A/libLAPACK.dylib
0x000000000962c000 	/System/Library/Frameworks/Accelerate.framework/Versions/A/Frameworks/vecLib.framework/Versions/A/libBLAS.dylib
0x000000000962c000 	/System/Library/Frameworks/Accelerate.framework/Versions/A/Frameworks/vecLib.framework/Versions/A/libLinearAlgebra.dylib
0x000000000962c000 	/System/Library/Frameworks/ApplicationServices.framework/Versions/A/Frameworks/ATS.framework/Versions/A/Resources/libFontParser.dylib
0x000000000962c000 	/System/Library/Frameworks/ApplicationServices.framework/Versions/A/Frameworks/ATS.framework/Versions/A/Resources/libFontRegistry.dylib
0x000000000962c000 	/System/Library/PrivateFrameworks/AppleVPA.framework/Versions/A/AppleVPA
0x000000000962c000 	/System/Library/PrivateFrameworks/AppleJPEG.framework/Versions/A/AppleJPEG
0x000000000962c000 	/System/Library/Frameworks/ImageIO.framework/Versions/A/Resources/libJPEG.dylib
0x000000000962c000 	/System/Library/Frameworks/ImageIO.framework/Versions/A/Resources/libTIFF.dylib
0x000000000962c000 	/System/Library/Frameworks/ImageIO.framework/Versions/A/Resources/libPng.dylib
0x000000000962c000 	/System/Library/Frameworks/ImageIO.framework/Versions/A/Resources/libGIF.dylib
0x000000000962c000 	/System/Library/Frameworks/ImageIO.framework/Versions/A/Resources/libJP2.dylib
0x000000000962c000 	/System/Library/Frameworks/ImageIO.framework/Versions/A/Resources/libRadiance.dylib
0x000000000962c000 	/System/Library/Frameworks/CoreVideo.framework/Versions/A/CoreVideo
0x000000000962c000 	/System/Library/Frameworks/OpenGL.framework/Versions/A/Libraries/libGLU.dylib
0x000000000962c000 	/System/Library/Frameworks/OpenGL.framework/Versions/A/Libraries/libGFXShared.dylib
0x000000000962c000 	/System/Library/Frameworks/OpenGL.framework/Versions/A/Libraries/libGL.dylib
0x000000000962c000 	/System/Library/Frameworks/OpenGL.framework/Versions/A/Libraries/libGLImage.dylib
0x000000000962c000 	/System/Library/Frameworks/OpenGL.framework/Versions/A/Libraries/libCVMSPluginSupport.dylib
0x000000000962c000 	/System/Library/Frameworks/OpenGL.framework/Versions/A/Libraries/libCoreVMClient.dylib
0x000000000962c000 	/usr/lib/libcups.2.dylib
0x000000000962c000 	/System/Library/Frameworks/Kerberos.framework/Versions/A/Kerberos
0x000000000962c000 	/System/Library/Frameworks/GSS.framework/Versions/A/GSS
0x000000000962c000 	/usr/lib/libresolv.9.dylib
0x000000000962c000 	/usr/lib/libiconv.2.dylib
0x000000000962c000 	/System/Library/PrivateFrameworks/Heimdal.framework/Versions/A/Heimdal
0x000000000962c000 	/usr/lib/libheimdal-asn1.dylib
0x000000000962c000 	/System/Library/Frameworks/OpenDirectory.framework/Versions/A/OpenDirectory
0x000000000962c000 	/System/Library/PrivateFrameworks/CommonAuth.framework/Versions/A/CommonAuth
0x000000000962c000 	/System/Library/Frameworks/OpenDirectory.framework/Versions/A/Frameworks/CFOpenDirectory.framework/Versions/A/CFOpenDirectory
0x000000000962c000 	/System/Library/Frameworks/SecurityFoundation.framework/Versions/A/SecurityFoundation
0x000000000962c000 	/System/Library/PrivateFrameworks/LanguageModeling.framework/Versions/A/LanguageModeling
0x000000000962c000 	/usr/lib/libcmph.dylib
0x000000000962c000 	/System/Library/Frameworks/ServiceManagement.framework/Versions/A/ServiceManagement
0x000000000962c000 	/usr/lib/libxslt.1.dylib
0x000000000962c000 	/System/Library/Frameworks/Carbon.framework/Versions/A/Frameworks/Ink.framework/Versions/A/Ink
0x000000000962c000 	/System/Library/Frameworks/QuartzCore.framework/Versions/A/Frameworks/CoreImage.framework/Versions/A/CoreImage
0x000000000962c000 	/System/Library/PrivateFrameworks/CrashReporterSupport.framework/Versions/A/CrashReporterSupport
0x000000000962c000 	/System/Library/Frameworks/OpenCL.framework/Versions/A/OpenCL
0x000000000962c000 	/System/Library/PrivateFrameworks/FaceCore.framework/Versions/A/FaceCore
0x000000000962c000 	/System/Library/PrivateFrameworks/Ubiquity.framework/Versions/A/Ubiquity
0x000000000962c000 	/System/Library/PrivateFrameworks/IconServices.framework/Versions/A/IconServices
0x000000000962c000 	/System/Library/PrivateFrameworks/ChunkingLibrary.framework/Versions/A/ChunkingLibrary
0x000000000962c000 	/System/Library/PrivateFrameworks/Apple80211.framework/Versions/A/Apple80211
0x000000000962c000 	/System/Library/Frameworks/CoreWLAN.framework/Versions/A/CoreWLAN
0x000000000962c000 	/System/Library/Frameworks/IOBluetooth.framework/Versions/A/IOBluetooth
0x000000000962c000 	/System/Library/PrivateFrameworks/CoreWiFi.framework/Versions/A/CoreWiFi
0x000000000962c000 	/System/Library/Frameworks/CoreBluetooth.framework/Versions/A/CoreBluetooth
0x000000000962c000 	/System/Library/PrivateFrameworks/DebugSymbols.framework/Versions/A/DebugSymbols
0x000000000962c000 	/System/Library/PrivateFrameworks/CoreSymbolication.framework/Versions/A/CoreSymbolication
0x000000000962c000 	/System/Library/PrivateFrameworks/Symbolication.framework/Versions/A/Symbolication
0x000000000962c000 	/System/Library/PrivateFrameworks/SpeechRecognitionCore.framework/Versions/A/SpeechRecognitionCore
0x0000000101600000 	/Users/ajHurliman/dev/finalsSolutions/node_modules/appdynamics/node_modules/appdynamics-jre/jre/lib/server/libjvm.dylib
0x000000000962c000 	/usr/lib/libstdc++.6.dylib
0x0000000100d80000 	/Users/ajHurliman/dev/finalsSolutions/node_modules/appdynamics/node_modules/appdynamics-jre/jre/lib/libverify.dylib
0x0000000100d8d000 	/Users/ajHurliman/dev/finalsSolutions/node_modules/appdynamics/node_modules/appdynamics-jre/jre/lib/libjava.dylib
0x0000000100dc7000 	/Users/ajHurliman/dev/finalsSolutions/node_modules/appdynamics/node_modules/appdynamics-jre/jre/lib/libzip.dylib
0x0000000107a23000 	/System/Library/Frameworks/JavaVM.framework/Frameworks/JavaRuntimeSupport.framework/JavaRuntimeSupport
0x0000000107a39000 	/System/Library/Frameworks/JavaVM.framework/Versions/A/Frameworks/JavaNativeFoundation.framework/Versions/A/JavaNativeFoundation
0x0000000107a4d000 	/System/Library/Frameworks/JavaVM.framework/Versions/A/JavaVM
0x000000000962c000 	/System/Library/Frameworks/Carbon.framework/Versions/A/Carbon
0x0000000107a59000 	/System/Library/PrivateFrameworks/JavaLaunching.framework/Versions/A/JavaLaunching
0x000000000962c000 	/System/Library/Frameworks/Carbon.framework/Versions/A/Frameworks/CommonPanels.framework/Versions/A/CommonPanels
0x000000000962c000 	/System/Library/Frameworks/Carbon.framework/Versions/A/Frameworks/Help.framework/Versions/A/Help
0x000000000962c000 	/System/Library/Frameworks/Carbon.framework/Versions/A/Frameworks/ImageCapture.framework/Versions/A/ImageCapture
0x000000000962c000 	/System/Library/Frameworks/Carbon.framework/Versions/A/Frameworks/OpenScripting.framework/Versions/A/OpenScripting
0x000000000962c000 	/System/Library/Frameworks/Carbon.framework/Versions/A/Frameworks/Print.framework/Versions/A/Print
0x000000000962c000 	/System/Library/Frameworks/Carbon.framework/Versions/A/Frameworks/SecurityHI.framework/Versions/A/SecurityHI
0x0000000109a19000 	/Users/ajHurliman/dev/finalsSolutions/node_modules/appdynamics/node_modules/appdynamics-jre/jre/lib/libnio.dylib
0x0000000109a28000 	/Users/ajHurliman/dev/finalsSolutions/node_modules/appdynamics/node_modules/appdynamics-jre/jre/lib/./libnet.dylib
0x0000000109a85000 	/Users/ajHurliman/dev/finalsSolutions/node_modules/appdynamics/node_modules/appdynamics-proxy/proxy/lib/tp/libjzmq.dylib
0x000000010a063000 	/Users/ajHurliman/dev/finalsSolutions/node_modules/appdynamics/node_modules/appdynamics-jre/jre/lib/libmanagement.dylib

VM Arguments:
jvm_args: -Xmx300m -Xms50m -Djava.library.path=/Users/ajHurliman/dev/finalsSolutions/node_modules/appdynamics/node_modules/appdynamics-proxy/proxy/lib/tp -Dappdynamics.agent.logs.dir=/tmp/appd/cea808a5b21f23b0c54748c43432d8b2/proxy/l -Dcomm=/tmp/appd/cea808a5b21f23b0c54748c43432d8b2/proxy/c -DagentType=NODEJS_APP_AGENT -Dappdynamics.agent.runtime.dir=/tmp/appd/cea808a5b21f23b0c54748c43432d8b2/proxy/r -Dlog4j.ignoreTCL=true -XX:MaxPermSize=120m -XX:-UseGCOverheadLimit -Dregister=false 
java_command: com.appdynamics.ee.agent.proxy.bootstrap.ProxyControlEntryPoint
Launcher Type: SUN_STANDARD

Environment Variables:
JAVA_HOME=/Library/Java/JavaVirtualMachines/jdk1.7.0_75.jdk/Contents/Home
PATH=/Library/Frameworks/Python.framework/Versions/3.4/bin:/usr/local/heroku/bin:/usr/local/bin:/usr/bin:/bin:/usr/sbin:/sbin:/opt/X11/bin
SHELL=/bin/bash
DISPLAY=/private/tmp/com.apple.launchd.ydDQY4A88p/org.macosforge.xquartz:0

Signal Handlers:
SIGSEGV: [libjvm.dylib+0x525425], sa_mask[0]=0xfffefeff, sa_flags=0x00000043
SIGBUS: [libjvm.dylib+0x525425], sa_mask[0]=0xfffefeff, sa_flags=0x00000042
SIGFPE: [libjvm.dylib+0x41892a], sa_mask[0]=0xfffefeff, sa_flags=0x00000042
SIGPIPE: [libjvm.dylib+0x41892a], sa_mask[0]=0xfffefeff, sa_flags=0x00000042
SIGXFSZ: [libjvm.dylib+0x41892a], sa_mask[0]=0xfffefeff, sa_flags=0x00000042
SIGILL: [libjvm.dylib+0x41892a], sa_mask[0]=0xfffefeff, sa_flags=0x00000042
SIGUSR1: SIG_DFL, sa_mask[0]=0xfffefeff, sa_flags=0x00000000
SIGUSR2: [libjvm.dylib+0x41841c], sa_mask[0]=0x00000000, sa_flags=0x00000042
SIGHUP: [libjvm.dylib+0x4166ab], sa_mask[0]=0xfffefeff, sa_flags=0x00000042
SIGINT: [libjvm.dylib+0x4166ab], sa_mask[0]=0xfffefeff, sa_flags=0x00000042
SIGTERM: [libjvm.dylib+0x4166ab], sa_mask[0]=0xfffefeff, sa_flags=0x00000042
SIGQUIT: [libjvm.dylib+0x4166ab], sa_mask[0]=0xfffefeff, sa_flags=0x00000042


---------------  S Y S T E M  ---------------

OS:Bsduname:Darwin 14.3.0 Darwin Kernel Version 14.3.0: Mon Mar 23 11:59:05 PDT 2015; root:xnu-2782.20.48~5/RELEASE_X86_64 x86_64
rlimit: STACK 8192k, CORE 0k, NPROC 709, NOFILE 10240, AS infinity
load average:1.73 1.73 1.74

CPU:total 4 (2 cores per cpu, 2 threads per core) family 6 model 61 stepping 4, cmov, cx8, fxsr, mmx, sse, sse2, sse3, ssse3, sse4.1, sse4.2, popcnt, avx, avx2, aes, erms, ht, tsc, tscinvbit

Memory: 4k page, physical 8388608k(2097152k free)

/proc/meminfo:


vm_info: Java HotSpot(TM) 64-Bit Server VM (24.51-b03) for bsd-amd64 JRE (1.7.0_51-b13), built on Dec 18 2013 18:45:56 by "java_re" with gcc 4.2.1 (Based on Apple Inc. build 5658) (LLVM build 2336.11.00)

time: Fri Oct  2 21:09:31 2015
elapsed time: 2327 seconds

