#
# A fatal error has been detected by the Java Runtime Environment:
#
#  SIGSEGV (0xb) at pc=0x0000000107c2b44c, pid=18113, tid=1811
#
# JRE version: Java(TM) SE Runtime Environment (7.0_51-b13) (build 1.7.0_51-b13)
# Java VM: Java HotSpot(TM) 64-Bit Server VM (24.51-b03 mixed mode bsd-amd64 compressed oops)
# Problematic frame:
# V  [libjvm.dylib+0x41844c]
#
# Failed to write core dump. Core dumps have been disabled. To enable core dumping, try "ulimit -c unlimited" before starting Java again
#
# If you would like to submit a bug report, please visit:
#   http://bugreport.sun.com/bugreport/crash.jsp
#

---------------  T H R E A D  ---------------

Current thread is native thread

siginfo:si_signo=SIGSEGV: si_errno=0, si_code=1 (SEGV_MAPERR), si_addr=0x0000000000000110

Registers:
RAX=0x0000000000000000, RBX=0x00007fff58d070d0, RCX=0x00007fff58d07068, RDX=0x00007fff58d070d0
RSP=0x00007fff58d06c00, RBP=0x00007fff58d06c30, RSI=0x00007fff58d07068, RDI=0x0000000000000102
R8 =0x00007fff58d070d0, R9 =0x00000000ffffffff, R10=0x0000000000000c00, R11=0x0000000000000206
R12=0x0000000000000c00, R13=0x0000000000000000, R14=0x00007fff58d07068, R15=0x0000000000000c03
RIP=0x0000000107c2b44c, EFLAGS=0x0000000000010206, ERR=0x0000000000000004
  TRAPNO=0x000000000000000e

Top of Stack: (sp=0x00007fff58d06c00)
0x00007fff58d06c00:   00007fff00000000 00007fff58d070d0
0x00007fff58d06c10:   0000000000000c00 0000000000000000
0x00007fff58d06c20:   00007fff58d072f0 0000000000000c03
0x00007fff58d06c30:   00007fff58d06c40 00007fff8f2e0f1a
0x00007fff58d06c40:   00007fff58d071d0 0000000106f14e00
0x00007fff58d06c50:   00007fff58d06d40 00007fff8c2f2289
0x00007fff58d06c60:   0100001f00000085 00007fff7ba561b0
0x00007fff58d06c70:   0000000010004005 00000000ffffffff
0x00007fff58d06c80:   00007fff58d07188 0000000000000000
0x00007fff58d06c90:   00007fff58d072f0 0000000007000806
0x00007fff58d06ca0:   00007fff58d071d0 00007fff58d07188
0x00007fff58d06cb0:   0000000000000c03 00000000ffffffff
0x00007fff58d06cc0:   0000000000000c00 0000000000000206
0x00007fff58d06cd0:   0000000000000c00 0000000000000000
0x00007fff58d06ce0:   00007fff58d072f0 0000000000000c03
0x00007fff58d06cf0:   00007fff8af064de 0000000000000206
0x00007fff58d06d00:   0000000000000007 0000000000000000
0x00007fff58d06d10:   0000000000000000 0000000000000000
0x00007fff58d06d20:   000000000000037f 0000000000000000
0x00007fff58d06d30:   0000000000000000 0000ffff00001fa0
0x00007fff58d06d40:   0000000000000000 000000000000ffff
0x00007fff58d06d50:   0000000000000100 000000000000ffff
0x00007fff58d06d60:   0000000000000000 0000000000000000
0x00007fff58d06d70:   0000000000000000 0000000000000000
0x00007fff58d06d80:   87bc000000000000 000000000000c00b
0x00007fff58d06d90:   0000000000000000 0000000000000000
0x00007fff58d06da0:   bb78000000000000 000000000000400b
0x00007fff58d06db0:   0000000000000000 0000000000000000
0x00007fff58d06dc0:   41bbbf822455ea03 0000000000000000
0x00007fff58d06dd0:   41bbbf8224000000 0000000000000000
0x00007fff58d06de0:   c3de3f3c7463dcd8 439c0c38b9c23287
0x00007fff58d06df0:   75646f6d5f65646f 647070612f73656c 

Instructions: (pc=0x0000000107c2b44c)
0x0000000107c2b42c:   08 48 89 d3 49 89 f6 e8 42 03 12 00 8b 00 89 45
0x0000000107c2b43c:   d0 48 8d 05 ec 1b 35 00 48 63 38 e8 da 05 12 00
0x0000000107c2b44c:   4c 8b b8 10 01 00 00 41 83 7f 34 01 0f 85 0a 01
0x0000000107c2b45c:   00 00 4d 8d 67 34 49 89 5f 40 4d 89 77 38 48 8d 

Register to memory mapping:

RAX=0x0000000000000000 is an unknown value
RBX=0x00007fff58d070d0 is an unknown value
RCX=0x00007fff58d07068 is an unknown value
RDX=0x00007fff58d070d0 is an unknown value
RSP=0x00007fff58d06c00 is an unknown value
RBP=0x00007fff58d06c30 is an unknown value
RSI=0x00007fff58d07068 is an unknown value
RDI=0x0000000000000102 is an unknown value
R8 =0x00007fff58d070d0 is an unknown value
R9 =0x00000000ffffffff is an unknown value
R10=0x0000000000000c00 is an unknown value
R11=0x0000000000000206 is an unknown value
R12=0x0000000000000c00 is an unknown value
R13=0x0000000000000000 is an unknown value
R14=0x00007fff58d07068 is an unknown value
R15=0x0000000000000c03 is an unknown value


Stack: [0x00007fff58c8a000,0x00007fff58d0a000],  sp=0x00007fff58d06c00,  free space=499k
Native frames: (J=compiled Java code, j=interpreted, Vv=VM code, C=native code)
V  [libjvm.dylib+0x41844c]
C  [libsystem_platform.dylib+0x4f1a]  _sigtramp+0x1a
C  0x0000000106f14e00
C  [CoreFoundation+0x72eb4]  __CFRunLoopServiceMachPort+0xd4
C  [CoreFoundation+0x7237b]  __CFRunLoopRun+0x55b
C  [CoreFoundation+0x71bd8]  CFRunLoopRunSpecific+0x128
C  [java+0x73b0]  CreateExecutionEnvironment+0x367
C  [java+0x1b5c]  JLI_Launch+0x7a0
C  [java+0x770d]  main+0x65
C  [java+0x13b4]  start+0x34


---------------  P R O C E S S  ---------------

VM state:not at safepoint (normal execution)

VM Mutex/Monitor currently owned by a thread: None

Heap
 PSYoungGen      total 31744K, used 18055K [0x00000007f9c00000, 0x00000007fdd00000, 0x0000000800000000)
  eden space 26112K, 47% used [0x00000007f9c00000,0x00000007fa829208,0x00000007fb580000)
  from space 5632K, 99% used [0x00000007fb580000,0x00000007fbaf8bf8,0x00000007fbb00000)
  to   space 7168K, 0% used [0x00000007fd600000,0x00000007fd600000,0x00000007fdd00000)
 ParOldGen       total 34304K, used 9618K [0x00000007ed400000, 0x00000007ef580000, 0x00000007f9c00000)
  object space 34304K, 28% used [0x00000007ed400000,0x00000007edd64bc8,0x00000007ef580000)
 PSPermGen       total 22016K, used 21659K [0x00000007e5c00000, 0x00000007e7180000, 0x00000007ed400000)
  object space 22016K, 98% used [0x00000007e5c00000,0x00000007e7126ff8,0x00000007e7180000)

Card table byte_map: [0x000000010b477000,0x000000010b54a000] byte_map_base: 0x0000000107549000

Polling page: 0x0000000106ff8000

Code Cache  [0x00000001083b7000, 0x0000000108627000, 0x000000010b3b7000)
 total_blobs=623 nmethods=252 adapters=325 free_code_cache=48133Kb largest_free_block=49239808

Compilation events (10 events):
Event: 166.883 Thread 0x00007f90d5037000 nmethod 258 0x00000001084b88d0 code [0x00000001084b8a00, 0x00000001084b8a58]
Event: 166.887 Thread 0x00007f90d4838800 nmethod 257 0x0000000108439c50 code [0x0000000108439dc0, 0x0000000108439fd8]
Event: 171.799 Thread 0x00007f90d5037000  259             com.singularity.ee.util.collections.bounded.j::a (5 bytes)
Event: 171.803 Thread 0x00007f90d5037000 nmethod 259 0x000000010846fa10 code [0x000000010846fb80, 0x000000010846fd98]
Event: 174.255 Thread 0x00007f90d4838800  260             com.singularity.ee.util.collections.bounded.f::c (448 bytes)
Event: 174.260 Thread 0x00007f90d4838800 nmethod 260 0x000000010844b350 code [0x000000010844b500, 0x000000010844bad8]
Event: 246.763 Thread 0x00007f90d5037000  261             com.singularity.ee.agent.util.qg::run (167 bytes)
Event: 246.774 Thread 0x00007f90d5037000 nmethod 261 0x000000010842d1d0 code [0x000000010842d3e0, 0x000000010842da70]
Event: 285.281 Thread 0x00007f90d4838800  262             java.util.PriorityQueue::siftDownComparable (118 bytes)
Event: 285.290 Thread 0x00007f90d4838800 nmethod 262 0x000000010846ec50 code [0x000000010846ee00, 0x000000010846f558]

GC Heap History (10 events):
Event: 6.434 GC heap before
{Heap before GC invocations=3 (full 0):
 PSYoungGen      total 15360K, used 15353K [0x00000007f9c00000, 0x00000007fad00000, 0x0000000800000000)
  eden space 13312K, 100% used [0x00000007f9c00000,0x00000007fa900000,0x00000007fa900000)
  from space 2048K, 99% used [0x00000007fab00000,0x00000007facfe520,0x00000007fad00000)
  to   space 2048K, 0% used [0x00000007fa900000,0x00000007fa900000,0x00000007fab00000)
 ParOldGen       total 34304K, used 2164K [0x00000007ed400000, 0x00000007ef580000, 0x00000007f9c00000)
  object space 34304K, 6% used [0x00000007ed400000,0x00000007ed61d200,0x00000007ef580000)
 PSPermGen       total 21504K, used 10837K [0x00000007e5c00000, 0x00000007e7100000, 0x00000007ed400000)
  object space 21504K, 50% used [0x00000007e5c00000,0x00000007e66957d0,0x00000007e7100000)
Event: 6.438 GC heap after
Heap after GC invocations=3 (full 0):
 PSYoungGen      total 15360K, used 2032K [0x00000007f9c00000, 0x00000007fad00000, 0x0000000800000000)
  eden space 13312K, 0% used [0x00000007f9c00000,0x00000007f9c00000,0x00000007fa900000)
  from space 2048K, 99% used [0x00000007fa900000,0x00000007faafc010,0x00000007fab00000)
  to   space 2048K, 0% used [0x00000007fab00000,0x00000007fab00000,0x00000007fad00000)
 ParOldGen       total 34304K, used 3459K [0x00000007ed400000, 0x00000007ef580000, 0x00000007f9c00000)
  object space 34304K, 10% used [0x00000007ed400000,0x00000007ed760ca8,0x00000007ef580000)
 PSPermGen       total 21504K, used 10837K [0x00000007e5c00000, 0x00000007e7100000, 0x00000007ed400000)
  object space 21504K, 50% used [0x00000007e5c00000,0x00000007e66957d0,0x00000007e7100000)
}
Event: 6.748 GC heap before
{Heap before GC invocations=4 (full 0):
 PSYoungGen      total 15360K, used 15344K [0x00000007f9c00000, 0x00000007fad00000, 0x0000000800000000)
  eden space 13312K, 100% used [0x00000007f9c00000,0x00000007fa900000,0x00000007fa900000)
  from space 2048K, 99% used [0x00000007fa900000,0x00000007faafc010,0x00000007fab00000)
  to   space 2048K, 0% used [0x00000007fab00000,0x00000007fab00000,0x00000007fad00000)
 ParOldGen       total 34304K, used 3459K [0x00000007ed400000, 0x00000007ef580000, 0x00000007f9c00000)
  object space 34304K, 10% used [0x00000007ed400000,0x00000007ed760ca8,0x00000007ef580000)
 PSPermGen       total 21504K, used 12504K [0x00000007e5c00000, 0x00000007e7100000, 0x00000007ed400000)
  object space 21504K, 58% used [0x00000007e5c00000,0x00000007e6836368,0x00000007e7100000)
Event: 6.753 GC heap after
Heap after GC invocations=4 (full 0):
 PSYoungGen      total 15360K, used 2033K [0x00000007f9c00000, 0x00000007fba00000, 0x0000000800000000)
  eden space 13312K, 0% used [0x00000007f9c00000,0x00000007f9c00000,0x00000007fa900000)
  from space 2048K, 99% used [0x00000007fab00000,0x00000007facfc530,0x00000007fad00000)
  to   space 2048K, 0% used [0x00000007fa900000,0x00000007fa900000,0x00000007fab00000)
 ParOldGen       total 34304K, used 5445K [0x00000007ed400000, 0x00000007ef580000, 0x00000007f9c00000)
  object space 34304K, 15% used [0x00000007ed400000,0x00000007ed951678,0x00000007ef580000)
 PSPermGen       total 21504K, used 12504K [0x00000007e5c00000, 0x00000007e7100000, 0x00000007ed400000)
  object space 21504K, 58% used [0x00000007e5c00000,0x00000007e6836368,0x00000007e7100000)
}
Event: 7.179 GC heap before
{Heap before GC invocations=5 (full 0):
 PSYoungGen      total 15360K, used 15345K [0x00000007f9c00000, 0x00000007fba00000, 0x0000000800000000)
  eden space 13312K, 100% used [0x00000007f9c00000,0x00000007fa900000,0x00000007fa900000)
  from space 2048K, 99% used [0x00000007fab00000,0x00000007facfc530,0x00000007fad00000)
  to   space 2048K, 0% used [0x00000007fa900000,0x00000007fa900000,0x00000007fab00000)
 ParOldGen       total 34304K, used 5445K [0x00000007ed400000, 0x00000007ef580000, 0x00000007f9c00000)
  object space 34304K, 15% used [0x00000007ed400000,0x00000007ed951678,0x00000007ef580000)
 PSPermGen       total 21504K, used 15030K [0x00000007e5c00000, 0x00000007e7100000, 0x00000007ed400000)
  object space 21504K, 69% used [0x00000007e5c00000,0x00000007e6aad800,0x00000007e7100000)
Event: 7.185 GC heap after
Heap after GC invocations=5 (full 0):
 PSYoungGen      total 15360K, used 2033K [0x00000007f9c00000, 0x00000007fc000000, 0x0000000800000000)
  eden space 13312K, 0% used [0x00000007f9c00000,0x00000007f9c00000,0x00000007fa900000)
  from space 2048K, 99% used [0x00000007fa900000,0x00000007faafc540,0x00000007fab00000)
  to   space 5120K, 0% used [0x00000007fbb00000,0x00000007fbb00000,0x00000007fc000000)
 ParOldGen       total 34304K, used 8103K [0x00000007ed400000, 0x00000007ef580000, 0x00000007f9c00000)
  object space 34304K, 23% used [0x00000007ed400000,0x00000007edbe9ff0,0x00000007ef580000)
 PSPermGen       total 21504K, used 15030K [0x00000007e5c00000, 0x00000007e7100000, 0x00000007ed400000)
  object space 21504K, 69% used [0x00000007e5c00000,0x00000007e6aad800,0x00000007e7100000)
}
Event: 7.601 GC heap before
{Heap before GC invocations=6 (full 0):
 PSYoungGen      total 15360K, used 15345K [0x00000007f9c00000, 0x00000007fc000000, 0x0000000800000000)
  eden space 13312K, 100% used [0x00000007f9c00000,0x00000007fa900000,0x00000007fa900000)
  from space 2048K, 99% used [0x00000007fa900000,0x00000007faafc540,0x00000007fab00000)
  to   space 5120K, 0% used [0x00000007fbb00000,0x00000007fbb00000,0x00000007fc000000)
 ParOldGen       total 34304K, used 8103K [0x00000007ed400000, 0x00000007ef580000, 0x00000007f9c00000)
  object space 34304K, 23% used [0x00000007ed400000,0x00000007edbe9ff0,0x00000007ef580000)
 PSPermGen       total 21504K, used 17602K [0x00000007e5c00000, 0x00000007e7100000, 0x00000007ed400000)
  object space 21504K, 81% used [0x00000007e5c00000,0x00000007e6d30860,0x00000007e7100000)
Event: 7.608 GC heap after
Heap after GC invocations=6 (full 0):
 PSYoungGen      total 31232K, used 4850K [0x00000007f9c00000, 0x00000007fc100000, 0x0000000800000000)
  eden space 26112K, 0% used [0x00000007f9c00000,0x00000007f9c00000,0x00000007fb580000)
  from space 5120K, 94% used [0x00000007fbb00000,0x00000007fbfbcbf0,0x00000007fc000000)
  to   space 5632K, 0% used [0x00000007fb580000,0x00000007fb580000,0x00000007fbb00000)
 ParOldGen       total 34304K, used 8103K [0x00000007ed400000, 0x00000007ef580000, 0x00000007f9c00000)
  object space 34304K, 23% used [0x00000007ed400000,0x00000007edbe9ff0,0x00000007ef580000)
 PSPermGen       total 21504K, used 17602K [0x00000007e5c00000, 0x00000007e7100000, 0x00000007ed400000)
  object space 21504K, 81% used [0x00000007e5c00000,0x00000007e6d30860,0x00000007e7100000)
}
Event: 8.531 GC heap before
{Heap before GC invocations=7 (full 0):
 PSYoungGen      total 31232K, used 30962K [0x00000007f9c00000, 0x00000007fc100000, 0x0000000800000000)
  eden space 26112K, 100% used [0x00000007f9c00000,0x00000007fb580000,0x00000007fb580000)
  from space 5120K, 94% used [0x00000007fbb00000,0x00000007fbfbcbf0,0x00000007fc000000)
  to   space 5632K, 0% used [0x00000007fb580000,0x00000007fb580000,0x00000007fbb00000)
 ParOldGen       total 34304K, used 8103K [0x00000007ed400000, 0x00000007ef580000, 0x00000007f9c00000)
  object space 34304K, 23% used [0x00000007ed400000,0x00000007edbe9ff0,0x00000007ef580000)
 PSPermGen       total 21504K, used 21109K [0x00000007e5c00000, 0x00000007e7100000, 0x00000007ed400000)
  object space 21504K, 98% used [0x00000007e5c00000,0x00000007e709d700,0x00000007e7100000)
Event: 8.541 GC heap after
Heap after GC invocations=7 (full 0):
 PSYoungGen      total 31744K, used 5602K [0x00000007f9c00000, 0x00000007fdd00000, 0x0000000800000000)
  eden space 26112K, 0% used [0x00000007f9c00000,0x00000007f9c00000,0x00000007fb580000)
  from space 5632K, 99% used [0x00000007fb580000,0x00000007fbaf8bf8,0x00000007fbb00000)
  to   space 7168K, 0% used [0x00000007fd600000,0x00000007fd600000,0x00000007fdd00000)
 ParOldGen       total 34304K, used 9618K [0x00000007ed400000, 0x00000007ef580000, 0x00000007f9c00000)
  object space 34304K, 28% used [0x00000007ed400000,0x00000007edd64bc8,0x00000007ef580000)
 PSPermGen       total 21504K, used 21109K [0x00000007e5c00000, 0x00000007e7100000, 0x00000007ed400000)
  object space 21504K, 98% used [0x00000007e5c00000,0x00000007e709d700,0x00000007e7100000)
}

Deoptimization events (10 events):
Event: 6.967 Thread 0x00007f90d48e2000 Uncommon trap: reason=unreached action=reinterpret pc=0x000000010843a3e8 method=java.util.regex.Pattern.compile()V @ 271
Event: 7.006 Thread 0x00007f90d48e2000 Uncommon trap: reason=unloaded action=reinterpret pc=0x000000010844b2a8 method=java.util.regex.Pattern.escape(ZZ)I @ 711
Event: 7.081 Thread 0x00007f90d48e2000 Uncommon trap: reason=unloaded action=reinterpret pc=0x0000000108436a3c method=java.util.regex.Pattern.RemoveQEQuoting()V @ 109
Event: 7.082 Thread 0x00007f90d48e2000 Uncommon trap: reason=unreached action=reinterpret pc=0x000000010846f4cc method=java.util.regex.Pattern.sequence(Ljava/util/regex/Pattern$Node;)Ljava/util/regex/Pattern$Node; @ 536
Event: 7.082 Thread 0x00007f90d48e2000 Uncommon trap: reason=unloaded action=reinterpret pc=0x00000001084761ec method=java.util.regex.Pattern.expr(Ljava/util/regex/Pattern$Node;)Ljava/util/regex/Pattern$Node; @ 38
Event: 46.867 Thread 0x00007f90d5102000 Uncommon trap: reason=class_check action=maybe_recompile pc=0x0000000108433f28 method=com.singularity.ee.util.collections.bounded.f.c(I)Z @ 19
Event: 66.848 Thread 0x00007f90d494c800 Uncommon trap: reason=class_check action=maybe_recompile pc=0x0000000108433f28 method=com.singularity.ee.util.collections.bounded.f.c(I)Z @ 19
Event: 67.291 Thread 0x00007f90d5235800 Uncommon trap: reason=unreached action=reinterpret pc=0x00000001084a35c4 method=java.util.concurrent.DelayQueue.take()Ljava/util/concurrent/Delayed; @ 68
Event: 106.864 Thread 0x00007f90d5102000 Uncommon trap: reason=class_check action=maybe_recompile pc=0x0000000108433f28 method=com.singularity.ee.util.collections.bounded.f.c(I)Z @ 19
Event: 166.865 Thread 0x00007f90d5102000 Uncommon trap: reason=class_check action=maybe_recompile pc=0x0000000108433f28 method=com.singularity.ee.util.collections.bounded.f.c(I)Z @ 19

Internal exceptions (10 events):
Event: 8.546 Thread 0x00007f90d48e2000 Threw 0x00000007f9c35038 at /HUDSON/workspace/7u-2-build-macosx-x86_64/jdk7u51/527/hotspot/src/share/vm/prims/jvm.cpp:1244
Event: 8.546 Thread 0x00007f90d48e2000 Threw 0x00000007f9c464f0 at /HUDSON/workspace/7u-2-build-macosx-x86_64/jdk7u51/527/hotspot/src/share/vm/prims/jvm.cpp:1244
Event: 8.546 Thread 0x00007f90d48e2000 Threw 0x00000007f9c4ddb8 at /HUDSON/workspace/7u-2-build-macosx-x86_64/jdk7u51/527/hotspot/src/share/vm/prims/jvm.cpp:1244
Event: 8.547 Thread 0x00007f90d48e2000 Threw 0x00000007f9c5f250 at /HUDSON/workspace/7u-2-build-macosx-x86_64/jdk7u51/527/hotspot/src/share/vm/prims/jvm.cpp:1244
Event: 8.547 Thread 0x00007f90d48e2000 Threw 0x00000007f9c66b18 at /HUDSON/workspace/7u-2-build-macosx-x86_64/jdk7u51/527/hotspot/src/share/vm/prims/jvm.cpp:1244
Event: 8.594 Thread 0x00007f90d494c800 Threw 0x00000007f9d93188 at /HUDSON/workspace/7u-2-build-macosx-x86_64/jdk7u51/527/hotspot/src/share/vm/prims/jvm.cpp:1244
Event: 8.638 Thread 0x00007f90d504f000 Threw 0x00000007fa0404f0 at /HUDSON/workspace/7u-2-build-macosx-x86_64/jdk7u51/527/hotspot/src/share/vm/prims/jvm.cpp:1244
Event: 8.645 Thread 0x00007f90d504f000 Threw 0x00000007fa0c6160 at /HUDSON/workspace/7u-2-build-macosx-x86_64/jdk7u51/527/hotspot/src/share/vm/prims/jvm.cpp:1244
Event: 8.645 Thread 0x00007f90d504f000 Threw 0x00000007fa0cac58 at /HUDSON/workspace/7u-2-build-macosx-x86_64/jdk7u51/527/hotspot/src/share/vm/prims/jvm.cpp:1244
Event: 127.017 Thread 0x00007f90d5235800 Threw 0x00000007fa1783d8 at /HUDSON/workspace/7u-2-build-macosx-x86_64/jdk7u51/527/hotspot/src/share/vm/prims/jvm.cpp:1244

Events (10 events):
Event: 127.016 Executing VM operation: RevokeBias done
Event: 127.017 loading class 0x00007f90d51515c0
Event: 127.017 loading class 0x00007f90d51515c0 done
Event: 127.291 Executing VM operation: RevokeBias
Event: 127.291 Executing VM operation: RevokeBias done
Event: 166.865 Thread 0x00007f90d5102000 Uncommon trap: trap_request=0xffffffde fr.pc=0x0000000108433f28
Event: 166.865 Thread 0x00007f90d5102000 DEOPT PACKING pc=0x0000000108433f28 sp=0x0000000110a056c0
Event: 166.865 Thread 0x00007f90d5102000 DEOPT UNPACKING pc=0x00000001083f0045 sp=0x0000000110a05670 mode 2
Event: 248.563 Executing VM operation: RevokeBias
Event: 248.563 Executing VM operation: RevokeBias done


Dynamic libraries:
0x000000000962c000 	/System/Library/Frameworks/Cocoa.framework/Versions/A/Cocoa
0x000000000962c000 	/System/Library/Frameworks/Security.framework/Versions/A/Security
0x000000000962c000 	/System/Library/Frameworks/ApplicationServices.framework/Versions/A/ApplicationServices
0x000000000962c000 	/usr/lib/libz.1.dylib
0x000000000962c000 	/usr/lib/libSystem.B.dylib
0x000000000962c000 	/usr/lib/libobjc.A.dylib
0x000000000962c000 	/System/Library/Frameworks/CoreFoundation.framework/Versions/A/CoreFoundation
0x000000000962c000 	/System/Library/Frameworks/Foundation.framework/Versions/C/Foundation
0x000000000962c000 	/System/Library/Frameworks/AppKit.framework/Versions/C/AppKit
0x000000000962c000 	/System/Library/Frameworks/CoreData.framework/Versions/A/CoreData
0x000000000962c000 	/System/Library/PrivateFrameworks/RemoteViewServices.framework/Versions/A/RemoteViewServices
0x000000000962c000 	/System/Library/PrivateFrameworks/UIFoundation.framework/Versions/A/UIFoundation
0x000000000962c000 	/System/Library/Frameworks/IOSurface.framework/Versions/A/IOSurface
0x000000000962c000 	/System/Library/Frameworks/AudioToolbox.framework/Versions/A/AudioToolbox
0x000000000962c000 	/System/Library/Frameworks/AudioUnit.framework/Versions/A/AudioUnit
0x000000000962c000 	/System/Library/PrivateFrameworks/DataDetectorsCore.framework/Versions/A/DataDetectorsCore
0x000000000962c000 	/System/Library/PrivateFrameworks/DesktopServicesPriv.framework/Versions/A/DesktopServicesPriv
0x000000000962c000 	/System/Library/Frameworks/Carbon.framework/Versions/A/Frameworks/HIToolbox.framework/Versions/A/HIToolbox
0x000000000962c000 	/System/Library/Frameworks/QuartzCore.framework/Versions/A/QuartzCore
0x000000000962c000 	/System/Library/Frameworks/Carbon.framework/Versions/A/Frameworks/SpeechRecognition.framework/Versions/A/SpeechRecognition
0x000000000962c000 	/usr/lib/libauto.dylib
0x000000000962c000 	/usr/lib/libicucore.A.dylib
0x000000000962c000 	/usr/lib/libxml2.2.dylib
0x000000000962c000 	/System/Library/PrivateFrameworks/CoreUI.framework/Versions/A/CoreUI
0x000000000962c000 	/System/Library/Frameworks/CoreAudio.framework/Versions/A/CoreAudio
0x000000000962c000 	/System/Library/Frameworks/DiskArbitration.framework/Versions/A/DiskArbitration
0x000000000962c000 	/usr/lib/liblangid.dylib
0x000000000962c000 	/System/Library/PrivateFrameworks/MultitouchSupport.framework/Versions/A/MultitouchSupport
0x000000000962c000 	/System/Library/Frameworks/IOKit.framework/Versions/A/IOKit
0x000000000962c000 	/usr/lib/libDiagnosticMessagesClient.dylib
0x000000000962c000 	/System/Library/Frameworks/CoreServices.framework/Versions/A/CoreServices
0x000000000962c000 	/System/Library/PrivateFrameworks/PerformanceAnalysis.framework/Versions/A/PerformanceAnalysis
0x000000000962c000 	/System/Library/PrivateFrameworks/GenerationalStorage.framework/Versions/A/GenerationalStorage
0x000000000962c000 	/System/Library/Frameworks/OpenGL.framework/Versions/A/OpenGL
0x000000000962c000 	/System/Library/PrivateFrameworks/Sharing.framework/Versions/A/Sharing
0x000000000962c000 	/System/Library/Frameworks/CoreGraphics.framework/Versions/A/CoreGraphics
0x000000000962c000 	/System/Library/Frameworks/CoreText.framework/Versions/A/CoreText
0x000000000962c000 	/System/Library/Frameworks/ImageIO.framework/Versions/A/ImageIO
0x000000000962c000 	/usr/lib/libextension.dylib
0x000000000962c000 	/System/Library/PrivateFrameworks/Backup.framework/Versions/A/Backup
0x000000000962c000 	/usr/lib/libarchive.2.dylib
0x000000000962c000 	/System/Library/Frameworks/CFNetwork.framework/Versions/A/CFNetwork
0x000000000962c000 	/System/Library/Frameworks/SystemConfiguration.framework/Versions/A/SystemConfiguration
0x000000000962c000 	/usr/lib/libCRFSuite.dylib
0x000000000962c000 	/usr/lib/libc++.1.dylib
0x000000000962c000 	/usr/lib/libc++abi.dylib
0x000000000962c000 	/usr/lib/system/libcache.dylib
0x000000000962c000 	/usr/lib/system/libcommonCrypto.dylib
0x000000000962c000 	/usr/lib/system/libcompiler_rt.dylib
0x000000000962c000 	/usr/lib/system/libcopyfile.dylib
0x000000000962c000 	/usr/lib/system/libcorecrypto.dylib
0x000000000962c000 	/usr/lib/system/libdispatch.dylib
0x000000000962c000 	/usr/lib/system/libdyld.dylib
0x000000000962c000 	/usr/lib/system/libkeymgr.dylib
0x000000000962c000 	/usr/lib/system/liblaunch.dylib
0x000000000962c000 	/usr/lib/system/libmacho.dylib
0x000000000962c000 	/usr/lib/system/libquarantine.dylib
0x000000000962c000 	/usr/lib/system/libremovefile.dylib
0x000000000962c000 	/usr/lib/system/libsystem_asl.dylib
0x000000000962c000 	/usr/lib/system/libsystem_blocks.dylib
0x000000000962c000 	/usr/lib/system/libsystem_c.dylib
0x000000000962c000 	/usr/lib/system/libsystem_configuration.dylib
0x000000000962c000 	/usr/lib/system/libsystem_coreservices.dylib
0x000000000962c000 	/usr/lib/system/libsystem_coretls.dylib
0x000000000962c000 	/usr/lib/system/libsystem_dnssd.dylib
0x000000000962c000 	/usr/lib/system/libsystem_info.dylib
0x000000000962c000 	/usr/lib/system/libsystem_kernel.dylib
0x000000000962c000 	/usr/lib/system/libsystem_m.dylib
0x000000000962c000 	/usr/lib/system/libsystem_malloc.dylib
0x000000000962c000 	/usr/lib/system/libsystem_network.dylib
0x000000000962c000 	/usr/lib/system/libsystem_networkextension.dylib
0x000000000962c000 	/usr/lib/system/libsystem_notify.dylib
0x000000000962c000 	/usr/lib/system/libsystem_platform.dylib
0x000000000962c000 	/usr/lib/system/libsystem_pthread.dylib
0x000000000962c000 	/usr/lib/system/libsystem_sandbox.dylib
0x000000000962c000 	/usr/lib/system/libsystem_secinit.dylib
0x000000000962c000 	/usr/lib/system/libsystem_stats.dylib
0x000000000962c000 	/usr/lib/system/libsystem_trace.dylib
0x000000000962c000 	/usr/lib/system/libunc.dylib
0x000000000962c000 	/usr/lib/system/libunwind.dylib
0x000000000962c000 	/usr/lib/system/libxpc.dylib
0x000000000962c000 	/usr/lib/libbz2.1.0.dylib
0x000000000962c000 	/usr/lib/liblzma.5.dylib
0x000000000962c000 	/usr/lib/libbsm.0.dylib
0x000000000962c000 	/usr/lib/libsqlite3.dylib
0x000000000962c000 	/usr/lib/system/libkxld.dylib
0x000000000962c000 	/usr/lib/libxar.1.dylib
0x000000000962c000 	/usr/lib/libpam.2.dylib
0x000000000962c000 	/usr/lib/libOpenScriptingUtil.dylib
0x000000000962c000 	/System/Library/Frameworks/CoreServices.framework/Versions/A/Frameworks/FSEvents.framework/Versions/A/FSEvents
0x000000000962c000 	/System/Library/Frameworks/CoreServices.framework/Versions/A/Frameworks/CarbonCore.framework/Versions/A/CarbonCore
0x000000000962c000 	/System/Library/Frameworks/CoreServices.framework/Versions/A/Frameworks/Metadata.framework/Versions/A/Metadata
0x000000000962c000 	/System/Library/Frameworks/CoreServices.framework/Versions/A/Frameworks/OSServices.framework/Versions/A/OSServices
0x000000000962c000 	/System/Library/Frameworks/CoreServices.framework/Versions/A/Frameworks/SearchKit.framework/Versions/A/SearchKit
0x000000000962c000 	/System/Library/Frameworks/CoreServices.framework/Versions/A/Frameworks/AE.framework/Versions/A/AE
0x000000000962c000 	/System/Library/Frameworks/CoreServices.framework/Versions/A/Frameworks/LaunchServices.framework/Versions/A/LaunchServices
0x000000000962c000 	/System/Library/Frameworks/CoreServices.framework/Versions/A/Frameworks/DictionaryServices.framework/Versions/A/DictionaryServices
0x000000000962c000 	/System/Library/Frameworks/NetFS.framework/Versions/A/NetFS
0x000000000962c000 	/System/Library/PrivateFrameworks/NetAuth.framework/Versions/A/NetAuth
0x000000000962c000 	/System/Library/PrivateFrameworks/login.framework/Versions/A/Frameworks/loginsupport.framework/Versions/A/loginsupport
0x000000000962c000 	/System/Library/PrivateFrameworks/TCC.framework/Versions/A/TCC
0x000000000962c000 	/usr/lib/libmecabra.dylib
0x000000000962c000 	/System/Library/Frameworks/ApplicationServices.framework/Versions/A/Frameworks/ATS.framework/Versions/A/ATS
0x000000000962c000 	/System/Library/Frameworks/ApplicationServices.framework/Versions/A/Frameworks/ColorSync.framework/Versions/A/ColorSync
0x000000000962c000 	/System/Library/Frameworks/ApplicationServices.framework/Versions/A/Frameworks/HIServices.framework/Versions/A/HIServices
0x000000000962c000 	/System/Library/Frameworks/ApplicationServices.framework/Versions/A/Frameworks/LangAnalysis.framework/Versions/A/LangAnalysis
0x000000000962c000 	/System/Library/Frameworks/ApplicationServices.framework/Versions/A/Frameworks/PrintCore.framework/Versions/A/PrintCore
0x000000000962c000 	/System/Library/Frameworks/ApplicationServices.framework/Versions/A/Frameworks/QD.framework/Versions/A/QD
0x000000000962c000 	/System/Library/Frameworks/ApplicationServices.framework/Versions/A/Frameworks/SpeechSynthesis.framework/Versions/A/SpeechSynthesis
0x000000000962c000 	/System/Library/Frameworks/Accelerate.framework/Versions/A/Accelerate
0x000000000962c000 	/System/Library/Frameworks/Accelerate.framework/Versions/A/Frameworks/vImage.framework/Versions/A/vImage
0x000000000962c000 	/System/Library/Frameworks/Accelerate.framework/Versions/A/Frameworks/vecLib.framework/Versions/A/vecLib
0x000000000962c000 	/System/Library/Frameworks/Accelerate.framework/Versions/A/Frameworks/vecLib.framework/Versions/A/libvDSP.dylib
0x000000000962c000 	/System/Library/Frameworks/Accelerate.framework/Versions/A/Frameworks/vecLib.framework/Versions/A/libvMisc.dylib
0x000000000962c000 	/System/Library/Frameworks/Accelerate.framework/Versions/A/Frameworks/vecLib.framework/Versions/A/libLAPACK.dylib
0x000000000962c000 	/System/Library/Frameworks/Accelerate.framework/Versions/A/Frameworks/vecLib.framework/Versions/A/libBLAS.dylib
0x000000000962c000 	/System/Library/Frameworks/Accelerate.framework/Versions/A/Frameworks/vecLib.framework/Versions/A/libLinearAlgebra.dylib
0x000000000962c000 	/System/Library/Frameworks/ApplicationServices.framework/Versions/A/Frameworks/ATS.framework/Versions/A/Resources/libFontParser.dylib
0x000000000962c000 	/System/Library/Frameworks/ApplicationServices.framework/Versions/A/Frameworks/ATS.framework/Versions/A/Resources/libFontRegistry.dylib
0x000000000962c000 	/System/Library/PrivateFrameworks/AppleVPA.framework/Versions/A/AppleVPA
0x000000000962c000 	/System/Library/PrivateFrameworks/AppleJPEG.framework/Versions/A/AppleJPEG
0x000000000962c000 	/System/Library/Frameworks/ImageIO.framework/Versions/A/Resources/libJPEG.dylib
0x000000000962c000 	/System/Library/Frameworks/ImageIO.framework/Versions/A/Resources/libTIFF.dylib
0x000000000962c000 	/System/Library/Frameworks/ImageIO.framework/Versions/A/Resources/libPng.dylib
0x000000000962c000 	/System/Library/Frameworks/ImageIO.framework/Versions/A/Resources/libGIF.dylib
0x000000000962c000 	/System/Library/Frameworks/ImageIO.framework/Versions/A/Resources/libJP2.dylib
0x000000000962c000 	/System/Library/Frameworks/ImageIO.framework/Versions/A/Resources/libRadiance.dylib
0x000000000962c000 	/System/Library/Frameworks/CoreVideo.framework/Versions/A/CoreVideo
0x000000000962c000 	/System/Library/Frameworks/OpenGL.framework/Versions/A/Libraries/libGLU.dylib
0x000000000962c000 	/System/Library/Frameworks/OpenGL.framework/Versions/A/Libraries/libGFXShared.dylib
0x000000000962c000 	/System/Library/Frameworks/OpenGL.framework/Versions/A/Libraries/libGL.dylib
0x000000000962c000 	/System/Library/Frameworks/OpenGL.framework/Versions/A/Libraries/libGLImage.dylib
0x000000000962c000 	/System/Library/Frameworks/OpenGL.framework/Versions/A/Libraries/libCVMSPluginSupport.dylib
0x000000000962c000 	/System/Library/Frameworks/OpenGL.framework/Versions/A/Libraries/libCoreVMClient.dylib
0x000000000962c000 	/usr/lib/libcups.2.dylib
0x000000000962c000 	/System/Library/Frameworks/Kerberos.framework/Versions/A/Kerberos
0x000000000962c000 	/System/Library/Frameworks/GSS.framework/Versions/A/GSS
0x000000000962c000 	/usr/lib/libresolv.9.dylib
0x000000000962c000 	/usr/lib/libiconv.2.dylib
0x000000000962c000 	/System/Library/PrivateFrameworks/Heimdal.framework/Versions/A/Heimdal
0x000000000962c000 	/usr/lib/libheimdal-asn1.dylib
0x000000000962c000 	/System/Library/Frameworks/OpenDirectory.framework/Versions/A/OpenDirectory
0x000000000962c000 	/System/Library/PrivateFrameworks/CommonAuth.framework/Versions/A/CommonAuth
0x000000000962c000 	/System/Library/Frameworks/OpenDirectory.framework/Versions/A/Frameworks/CFOpenDirectory.framework/Versions/A/CFOpenDirectory
0x000000000962c000 	/System/Library/Frameworks/SecurityFoundation.framework/Versions/A/SecurityFoundation
0x000000000962c000 	/System/Library/PrivateFrameworks/LanguageModeling.framework/Versions/A/LanguageModeling
0x000000000962c000 	/usr/lib/libcmph.dylib
0x000000000962c000 	/System/Library/Frameworks/ServiceManagement.framework/Versions/A/ServiceManagement
0x000000000962c000 	/usr/lib/libxslt.1.dylib
0x000000000962c000 	/System/Library/Frameworks/Carbon.framework/Versions/A/Frameworks/Ink.framework/Versions/A/Ink
0x000000000962c000 	/System/Library/Frameworks/QuartzCore.framework/Versions/A/Frameworks/CoreImage.framework/Versions/A/CoreImage
0x000000000962c000 	/System/Library/PrivateFrameworks/CrashReporterSupport.framework/Versions/A/CrashReporterSupport
0x000000000962c000 	/System/Library/Frameworks/OpenCL.framework/Versions/A/OpenCL
0x000000000962c000 	/System/Library/PrivateFrameworks/FaceCore.framework/Versions/A/FaceCore
0x000000000962c000 	/System/Library/PrivateFrameworks/Ubiquity.framework/Versions/A/Ubiquity
0x000000000962c000 	/System/Library/PrivateFrameworks/IconServices.framework/Versions/A/IconServices
0x000000000962c000 	/System/Library/PrivateFrameworks/ChunkingLibrary.framework/Versions/A/ChunkingLibrary
0x000000000962c000 	/System/Library/PrivateFrameworks/Apple80211.framework/Versions/A/Apple80211
0x000000000962c000 	/System/Library/Frameworks/CoreWLAN.framework/Versions/A/CoreWLAN
0x000000000962c000 	/System/Library/Frameworks/IOBluetooth.framework/Versions/A/IOBluetooth
0x000000000962c000 	/System/Library/PrivateFrameworks/CoreWiFi.framework/Versions/A/CoreWiFi
0x000000000962c000 	/System/Library/Frameworks/CoreBluetooth.framework/Versions/A/CoreBluetooth
0x000000000962c000 	/System/Library/PrivateFrameworks/DebugSymbols.framework/Versions/A/DebugSymbols
0x000000000962c000 	/System/Library/PrivateFrameworks/CoreSymbolication.framework/Versions/A/CoreSymbolication
0x000000000962c000 	/System/Library/PrivateFrameworks/Symbolication.framework/Versions/A/Symbolication
0x000000000962c000 	/System/Library/PrivateFrameworks/SpeechRecognitionCore.framework/Versions/A/SpeechRecognitionCore
0x0000000107813000 	/Users/ajHurliman/dev/finalsSolutions/node_modules/appdynamics/node_modules/appdynamics-jre/jre/lib/server/libjvm.dylib
0x000000000962c000 	/usr/lib/libstdc++.6.dylib
0x0000000108369000 	/Users/ajHurliman/dev/finalsSolutions/node_modules/appdynamics/node_modules/appdynamics-jre/jre/lib/libverify.dylib
0x0000000108376000 	/Users/ajHurliman/dev/finalsSolutions/node_modules/appdynamics/node_modules/appdynamics-jre/jre/lib/libjava.dylib
0x00000001083ae000 	/Users/ajHurliman/dev/finalsSolutions/node_modules/appdynamics/node_modules/appdynamics-jre/jre/lib/libzip.dylib
0x000000010ddb0000 	/System/Library/Frameworks/JavaVM.framework/Frameworks/JavaRuntimeSupport.framework/JavaRuntimeSupport
0x000000010ddc6000 	/System/Library/Frameworks/JavaVM.framework/Versions/A/Frameworks/JavaNativeFoundation.framework/Versions/A/JavaNativeFoundation
0x000000010ddda000 	/System/Library/Frameworks/JavaVM.framework/Versions/A/JavaVM
0x000000000962c000 	/System/Library/Frameworks/Carbon.framework/Versions/A/Carbon
0x000000010dde6000 	/System/Library/PrivateFrameworks/JavaLaunching.framework/Versions/A/JavaLaunching
0x000000000962c000 	/System/Library/Frameworks/Carbon.framework/Versions/A/Frameworks/CommonPanels.framework/Versions/A/CommonPanels
0x000000000962c000 	/System/Library/Frameworks/Carbon.framework/Versions/A/Frameworks/Help.framework/Versions/A/Help
0x000000000962c000 	/System/Library/Frameworks/Carbon.framework/Versions/A/Frameworks/ImageCapture.framework/Versions/A/ImageCapture
0x000000000962c000 	/System/Library/Frameworks/Carbon.framework/Versions/A/Frameworks/OpenScripting.framework/Versions/A/OpenScripting
0x000000000962c000 	/System/Library/Frameworks/Carbon.framework/Versions/A/Frameworks/Print.framework/Versions/A/Print
0x000000000962c000 	/System/Library/Frameworks/Carbon.framework/Versions/A/Frameworks/SecurityHI.framework/Versions/A/SecurityHI
0x000000010fda7000 	/Users/ajHurliman/dev/finalsSolutions/node_modules/appdynamics/node_modules/appdynamics-jre/jre/lib/libnio.dylib
0x000000010fdb6000 	/Users/ajHurliman/dev/finalsSolutions/node_modules/appdynamics/node_modules/appdynamics-jre/jre/lib/./libnet.dylib
0x000000010fe13000 	/Users/ajHurliman/dev/finalsSolutions/node_modules/appdynamics/node_modules/appdynamics-proxy/proxy/lib/tp/libjzmq.dylib
0x00000001102ee000 	/Users/ajHurliman/dev/finalsSolutions/node_modules/appdynamics/node_modules/appdynamics-jre/jre/lib/libmanagement.dylib

VM Arguments:
jvm_args: -Xmx300m -Xms50m -Djava.library.path=/Users/ajHurliman/dev/finalsSolutions/node_modules/appdynamics/node_modules/appdynamics-proxy/proxy/lib/tp -Dappdynamics.agent.logs.dir=/tmp/appd/cea808a5b21f23b0c54748c43432d8b2/proxy/l -Dcomm=/tmp/appd/cea808a5b21f23b0c54748c43432d8b2/proxy/c -DagentType=NODEJS_APP_AGENT -Dappdynamics.agent.runtime.dir=/tmp/appd/cea808a5b21f23b0c54748c43432d8b2/proxy/r -Dlog4j.ignoreTCL=true -XX:MaxPermSize=120m -XX:-UseGCOverheadLimit -Dregister=false 
java_command: com.appdynamics.ee.agent.proxy.bootstrap.ProxyControlEntryPoint
Launcher Type: SUN_STANDARD

Environment Variables:
JAVA_HOME=/Library/Java/JavaVirtualMachines/jdk1.7.0_75.jdk/Contents/Home
PATH=/Library/Frameworks/Python.framework/Versions/3.4/bin:/usr/local/heroku/bin:/usr/local/bin:/usr/bin:/bin:/usr/sbin:/sbin:/opt/X11/bin
SHELL=/bin/bash
DISPLAY=/private/tmp/com.apple.launchd.ydDQY4A88p/org.macosforge.xquartz:0

Signal Handlers:
SIGSEGV: [libjvm.dylib+0x525425], sa_mask[0]=0xfffefeff, sa_flags=0x00000043
SIGBUS: [libjvm.dylib+0x525425], sa_mask[0]=0xfffefeff, sa_flags=0x00000042
SIGFPE: [libjvm.dylib+0x41892a], sa_mask[0]=0xfffefeff, sa_flags=0x00000042
SIGPIPE: [libjvm.dylib+0x41892a], sa_mask[0]=0xfffefeff, sa_flags=0x00000042
SIGXFSZ: [libjvm.dylib+0x41892a], sa_mask[0]=0xfffefeff, sa_flags=0x00000042
SIGILL: [libjvm.dylib+0x41892a], sa_mask[0]=0xfffefeff, sa_flags=0x00000042
SIGUSR1: SIG_DFL, sa_mask[0]=0xfffefeff, sa_flags=0x00000000
SIGUSR2: [libjvm.dylib+0x41841c], sa_mask[0]=0x00000000, sa_flags=0x00000042
SIGHUP: [libjvm.dylib+0x4166ab], sa_mask[0]=0xfffefeff, sa_flags=0x00000042
SIGINT: [libjvm.dylib+0x4166ab], sa_mask[0]=0xfffefeff, sa_flags=0x00000042
SIGTERM: [libjvm.dylib+0x4166ab], sa_mask[0]=0xfffefeff, sa_flags=0x00000042
SIGQUIT: [libjvm.dylib+0x4166ab], sa_mask[0]=0xfffefeff, sa_flags=0x00000042


---------------  S Y S T E M  ---------------

OS:Bsduname:Darwin 14.3.0 Darwin Kernel Version 14.3.0: Mon Mar 23 11:59:05 PDT 2015; root:xnu-2782.20.48~5/RELEASE_X86_64 x86_64
rlimit: STACK 8192k, CORE 0k, NPROC 709, NOFILE 10240, AS infinity
load average:1.77 1.80 1.76

CPU:total 4 (2 cores per cpu, 2 threads per core) family 6 model 61 stepping 4, cmov, cx8, fxsr, mmx, sse, sse2, sse3, ssse3, sse4.1, sse4.2, popcnt, avx, avx2, aes, erms, ht, tsc, tscinvbit

Memory: 4k page, physical 8388608k(2097152k free)

/proc/meminfo:


vm_info: Java HotSpot(TM) 64-Bit Server VM (24.51-b03) for bsd-amd64 JRE (1.7.0_51-b13), built on Dec 18 2013 18:45:56 by "java_re" with gcc 4.2.1 (Based on Apple Inc. build 5658) (LLVM build 2336.11.00)

time: Fri Oct  2 20:30:28 2015
elapsed time: 304 seconds

