#
# A fatal error has been detected by the Java Runtime Environment:
#
#  SIGSEGV (0xb) at pc=0x000000010cfd044c, pid=21067, tid=1811
#
# JRE version: Java(TM) SE Runtime Environment (7.0_51-b13) (build 1.7.0_51-b13)
# Java VM: Java HotSpot(TM) 64-Bit Server VM (24.51-b03 mixed mode bsd-amd64 compressed oops)
# Problematic frame:
# V  [libjvm.dylib+0x41844c]
#
# Failed to write core dump. Core dumps have been disabled. To enable core dumping, try "ulimit -c unlimited" before starting Java again
#
# If you would like to submit a bug report, please visit:
#   http://bugreport.sun.com/bugreport/crash.jsp
#

---------------  T H R E A D  ---------------

Current thread is native thread

siginfo:si_signo=SIGSEGV: si_errno=0, si_code=1 (SEGV_MAPERR), si_addr=0x0000000000000110

Registers:
RAX=0x0000000000000000, RBX=0x00007fff531430d0, RCX=0x00007fff53143068, RDX=0x00007fff531430d0
RSP=0x00007fff53142c00, RBP=0x00007fff53142c30, RSI=0x00007fff53143068, RDI=0x0000000000000102
R8 =0x00007fff531430d0, R9 =0x00000000ffffffff, R10=0x0000000000000c00, R11=0x0000000000000206
R12=0x0000000000000c00, R13=0x0000000000000000, R14=0x00007fff53143068, R15=0x0000000000000c03
RIP=0x000000010cfd044c, EFLAGS=0x0000000000010206, ERR=0x0000000000000004
  TRAPNO=0x000000000000000e

Top of Stack: (sp=0x00007fff53142c00)
0x00007fff53142c00:   00007fff00000000 00007fff531430d0
0x00007fff53142c10:   0000000000000c00 0000000000000000
0x00007fff53142c20:   00007fff531432f0 0000000000000c03
0x00007fff53142c30:   00007fff53142c40 00007fff8f2e0f1a
0x00007fff53142c40:   00007fff531431d0 000000010cad7a00
0x00007fff53142c50:   00007fff53142d40 00007fff8c2f2289
0x00007fff53142c60:   0100001f00000085 00007fff7ba561b0
0x00007fff53142c70:   0000000010004005 00000000ffffffff
0x00007fff53142c80:   00007fff53143188 0000000000000000
0x00007fff53142c90:   00007fff531432f0 0000000007000806
0x00007fff53142ca0:   00007fff531431d0 00007fff53143188
0x00007fff53142cb0:   0000000000000c03 00000000ffffffff
0x00007fff53142cc0:   0000000000000c00 0000000000000206
0x00007fff53142cd0:   0000000000000c00 0000000000000000
0x00007fff53142ce0:   00007fff531432f0 0000000000000c03
0x00007fff53142cf0:   00007fff8af064de 0000000000000206
0x00007fff53142d00:   0000000000000007 0000000000000000
0x00007fff53142d10:   0000000000000000 0000000000000000
0x00007fff53142d20:   000000000000037f 0000000000000000
0x00007fff53142d30:   0000000000000000 0000ffff00001fa0
0x00007fff53142d40:   0000000000000000 000000000000ffff
0x00007fff53142d50:   0000000000000100 000000000000ffff
0x00007fff53142d60:   0000000000000000 0000000000000000
0x00007fff53142d70:   0000000000000000 0000000000000000
0x00007fff53142d80:   87bc000000000000 000000000000c00b
0x00007fff53142d90:   0000000000000000 0000000000000000
0x00007fff53142da0:   bb78000000000000 000000000000400b
0x00007fff53142db0:   0000000000000000 0000000000000000
0x00007fff53142dc0:   41bbbf8d13597cd4 0000000000000000
0x00007fff53142dd0:   41bbbf8d13000000 0000000000000000
0x00007fff53142de0:   c3de3f3bd177ce75 439c0c42e88318b6
0x00007fff53142df0:   75646f6d5f65646f 647070612f73656c 

Instructions: (pc=0x000000010cfd044c)
0x000000010cfd042c:   08 48 89 d3 49 89 f6 e8 42 03 12 00 8b 00 89 45
0x000000010cfd043c:   d0 48 8d 05 ec 1b 35 00 48 63 38 e8 da 05 12 00
0x000000010cfd044c:   4c 8b b8 10 01 00 00 41 83 7f 34 01 0f 85 0a 01
0x000000010cfd045c:   00 00 4d 8d 67 34 49 89 5f 40 4d 89 77 38 48 8d 

Register to memory mapping:

RAX=0x0000000000000000 is an unknown value
RBX=0x00007fff531430d0 is an unknown value
RCX=0x00007fff53143068 is an unknown value
RDX=0x00007fff531430d0 is an unknown value
RSP=0x00007fff53142c00 is an unknown value
RBP=0x00007fff53142c30 is an unknown value
RSI=0x00007fff53143068 is an unknown value
RDI=0x0000000000000102 is an unknown value
R8 =0x00007fff531430d0 is an unknown value
R9 =0x00000000ffffffff is an unknown value
R10=0x0000000000000c00 is an unknown value
R11=0x0000000000000206 is an unknown value
R12=0x0000000000000c00 is an unknown value
R13=0x0000000000000000 is an unknown value
R14=0x00007fff53143068 is an unknown value
R15=0x0000000000000c03 is an unknown value


Stack: [0x00007fff530c6000,0x00007fff53146000],  sp=0x00007fff53142c00,  free space=499k
Native frames: (J=compiled Java code, j=interpreted, Vv=VM code, C=native code)
V  [libjvm.dylib+0x41844c]
C  [libsystem_platform.dylib+0x4f1a]  _sigtramp+0x1a
C  0x000000010cad7a00
C  [CoreFoundation+0x72eb4]  __CFRunLoopServiceMachPort+0xd4
C  [CoreFoundation+0x7237b]  __CFRunLoopRun+0x55b
C  [CoreFoundation+0x71bd8]  CFRunLoopRunSpecific+0x128
C  [java+0x73b0]  CreateExecutionEnvironment+0x367
C  [java+0x1b5c]  JLI_Launch+0x7a0
C  [java+0x770d]  main+0x65
C  [java+0x13b4]  start+0x34


---------------  P R O C E S S  ---------------

VM state:not at safepoint (normal execution)

VM Mutex/Monitor currently owned by a thread: None

Heap
 PSYoungGen      total 59392K, used 30182K [0x00000007f9c00000, 0x00000007fe000000, 0x0000000800000000)
  eden space 52224K, 45% used [0x00000007f9c00000,0x00000007fb32f388,0x00000007fcf00000)
  from space 7168K, 89% used [0x00000007fd700000,0x00000007fdd4a6a0,0x00000007fde00000)
  to   space 8192K, 0% used [0x00000007fcf00000,0x00000007fcf00000,0x00000007fd700000)
 ParOldGen       total 34304K, used 10863K [0x00000007ed400000, 0x00000007ef580000, 0x00000007f9c00000)
  object space 34304K, 31% used [0x00000007ed400000,0x00000007ede9bfc0,0x00000007ef580000)
 PSPermGen       total 22016K, used 21654K [0x00000007e5c00000, 0x00000007e7180000, 0x00000007ed400000)
  object space 22016K, 98% used [0x00000007e5c00000,0x00000007e71259d0,0x00000007e7180000)

Card table byte_map: [0x00000001110c0000,0x0000000111193000] byte_map_base: 0x000000010d192000

Polling page: 0x000000010d762000

Code Cache  [0x000000010e000000, 0x000000010e270000, 0x0000000111000000)
 total_blobs=629 nmethods=256 adapters=327 free_code_cache=48132Kb largest_free_block=49255680

Compilation events (10 events):
Event: 426.586 Thread 0x00007fb608818000  261             java.util.concurrent.ConcurrentHashMap$HashIterator::advance (96 bytes)
Event: 426.589 Thread 0x00007fb608818000 nmethod 261 0x000000010e075b10 code [0x000000010e075c60, 0x000000010e075dd8]
Event: 496.837 Thread 0x00007fb609868800  262             java.util.concurrent.locks.AbstractQueuedSynchronizer$ConditionObject::unlinkCancelledWaiters (67 bytes)
Event: 496.839 Thread 0x00007fb609868800 nmethod 262 0x000000010e075810 code [0x000000010e075960, 0x000000010e075a58]
Event: 607.702 Thread 0x00007fb608818000  263             java.util.HashMap$KeyIterator::next (8 bytes)
Event: 607.706 Thread 0x00007fb608818000 nmethod 263 0x000000010e0f9890 code [0x000000010e0f99e0, 0x000000010e0f9b38]
Event: 688.587 Thread 0x00007fb609868800  264             java.util.concurrent.locks.AbstractQueuedSynchronizer$Node::predecessor (19 bytes)
Event: 688.588 Thread 0x00007fb609868800 nmethod 264 0x000000010e07df90 code [0x000000010e07e0c0, 0x000000010e07e138]
Event: 735.090 Thread 0x00007fb608818000  265             java.util.concurrent.locks.AbstractQueuedSynchronizer$ConditionObject::await (98 bytes)
Event: 735.105 Thread 0x00007fb608818000 nmethod 265 0x000000010e105510 code [0x000000010e105720, 0x000000010e106160]

GC Heap History (10 events):
Event: 5.910 GC heap before
{Heap before GC invocations=2 (full 0):
 PSYoungGen      total 15360K, used 15343K [0x00000007f9c00000, 0x00000007fad00000, 0x0000000800000000)
  eden space 13312K, 100% used [0x00000007f9c00000,0x00000007fa900000,0x00000007fa900000)
  from space 2048K, 99% used [0x00000007fa900000,0x00000007faafbf50,0x00000007fab00000)
  to   space 2048K, 0% used [0x00000007fab00000,0x00000007fab00000,0x00000007fad00000)
 ParOldGen       total 34304K, used 607K [0x00000007ed400000, 0x00000007ef580000, 0x00000007f9c00000)
  object space 34304K, 1% used [0x00000007ed400000,0x00000007ed497e50,0x00000007ef580000)
 PSPermGen       total 21504K, used 9007K [0x00000007e5c00000, 0x00000007e7100000, 0x00000007ed400000)
  object space 21504K, 41% used [0x00000007e5c00000,0x00000007e64cbd48,0x00000007e7100000)
Event: 5.915 GC heap after
Heap after GC invocations=2 (full 0):
 PSYoungGen      total 15360K, used 2034K [0x00000007f9c00000, 0x00000007fad00000, 0x0000000800000000)
  eden space 13312K, 0% used [0x00000007f9c00000,0x00000007f9c00000,0x00000007fa900000)
  from space 2048K, 99% used [0x00000007fab00000,0x00000007facfca20,0x00000007fad00000)
  to   space 2048K, 0% used [0x00000007fa900000,0x00000007fa900000,0x00000007fab00000)
 ParOldGen       total 34304K, used 2208K [0x00000007ed400000, 0x00000007ef580000, 0x00000007f9c00000)
  object space 34304K, 6% used [0x00000007ed400000,0x00000007ed6283b8,0x00000007ef580000)
 PSPermGen       total 21504K, used 9007K [0x00000007e5c00000, 0x00000007e7100000, 0x00000007ed400000)
  object space 21504K, 41% used [0x00000007e5c00000,0x00000007e64cbd48,0x00000007e7100000)
}
Event: 6.111 GC heap before
{Heap before GC invocations=3 (full 0):
 PSYoungGen      total 15360K, used 15346K [0x00000007f9c00000, 0x00000007fad00000, 0x0000000800000000)
  eden space 13312K, 100% used [0x00000007f9c00000,0x00000007fa900000,0x00000007fa900000)
  from space 2048K, 99% used [0x00000007fab00000,0x00000007facfca20,0x00000007fad00000)
  to   space 2048K, 0% used [0x00000007fa900000,0x00000007fa900000,0x00000007fab00000)
 ParOldGen       total 34304K, used 2208K [0x00000007ed400000, 0x00000007ef580000, 0x00000007f9c00000)
  object space 34304K, 6% used [0x00000007ed400000,0x00000007ed6283b8,0x00000007ef580000)
 PSPermGen       total 21504K, used 10837K [0x00000007e5c00000, 0x00000007e7100000, 0x00000007ed400000)
  object space 21504K, 50% used [0x00000007e5c00000,0x00000007e6695528,0x00000007e7100000)
Event: 6.115 GC heap after
Heap after GC invocations=3 (full 0):
 PSYoungGen      total 15360K, used 2032K [0x00000007f9c00000, 0x00000007fba00000, 0x0000000800000000)
  eden space 13312K, 0% used [0x00000007f9c00000,0x00000007f9c00000,0x00000007fa900000)
  from space 2048K, 99% used [0x00000007fa900000,0x00000007faafc010,0x00000007fab00000)
  to   space 2048K, 0% used [0x00000007fb800000,0x00000007fb800000,0x00000007fba00000)
 ParOldGen       total 34304K, used 3520K [0x00000007ed400000, 0x00000007ef580000, 0x00000007f9c00000)
  object space 34304K, 10% used [0x00000007ed400000,0x00000007ed770138,0x00000007ef580000)
 PSPermGen       total 21504K, used 10837K [0x00000007e5c00000, 0x00000007e7100000, 0x00000007ed400000)
  object space 21504K, 50% used [0x00000007e5c00000,0x00000007e6695528,0x00000007e7100000)
}
Event: 6.264 GC heap before
{Heap before GC invocations=4 (full 0):
 PSYoungGen      total 15360K, used 15344K [0x00000007f9c00000, 0x00000007fba00000, 0x0000000800000000)
  eden space 13312K, 100% used [0x00000007f9c00000,0x00000007fa900000,0x00000007fa900000)
  from space 2048K, 99% used [0x00000007fa900000,0x00000007faafc010,0x00000007fab00000)
  to   space 2048K, 0% used [0x00000007fb800000,0x00000007fb800000,0x00000007fba00000)
 ParOldGen       total 34304K, used 3520K [0x00000007ed400000, 0x00000007ef580000, 0x00000007f9c00000)
  object space 34304K, 10% used [0x00000007ed400000,0x00000007ed770138,0x00000007ef580000)
 PSPermGen       total 21504K, used 12505K [0x00000007e5c00000, 0x00000007e7100000, 0x00000007ed400000)
  object space 21504K, 58% used [0x00000007e5c00000,0x00000007e6836518,0x00000007e7100000)
Event: 6.270 GC heap after
Heap after GC invocations=4 (full 0):
 PSYoungGen      total 28672K, used 2033K [0x00000007f9c00000, 0x00000007fba00000, 0x0000000800000000)
  eden space 26624K, 0% used [0x00000007f9c00000,0x00000007f9c00000,0x00000007fb600000)
  from space 2048K, 99% used [0x00000007fb800000,0x00000007fb9fc530,0x00000007fba00000)
  to   space 2048K, 0% used [0x00000007fb600000,0x00000007fb600000,0x00000007fb800000)
 ParOldGen       total 34304K, used 5504K [0x00000007ed400000, 0x00000007ef580000, 0x00000007f9c00000)
  object space 34304K, 16% used [0x00000007ed400000,0x00000007ed960170,0x00000007ef580000)
 PSPermGen       total 21504K, used 12505K [0x00000007e5c00000, 0x00000007e7100000, 0x00000007ed400000)
  object space 21504K, 58% used [0x00000007e5c00000,0x00000007e6836518,0x00000007e7100000)
}
Event: 6.748 GC heap before
{Heap before GC invocations=5 (full 0):
 PSYoungGen      total 28672K, used 28657K [0x00000007f9c00000, 0x00000007fba00000, 0x0000000800000000)
  eden space 26624K, 100% used [0x00000007f9c00000,0x00000007fb600000,0x00000007fb600000)
  from space 2048K, 99% used [0x00000007fb800000,0x00000007fb9fc530,0x00000007fba00000)
  to   space 2048K, 0% used [0x00000007fb600000,0x00000007fb600000,0x00000007fb800000)
 ParOldGen       total 34304K, used 5504K [0x00000007ed400000, 0x00000007ef580000, 0x00000007f9c00000)
  object space 34304K, 16% used [0x00000007ed400000,0x00000007ed960170,0x00000007ef580000)
 PSPermGen       total 21504K, used 17607K [0x00000007e5c00000, 0x00000007e7100000, 0x00000007ed400000)
  object space 21504K, 81% used [0x00000007e5c00000,0x00000007e6d31f10,0x00000007e7100000)
Event: 6.756 GC heap after
Heap after GC invocations=5 (full 0):
 PSYoungGen      total 28672K, used 2016K [0x00000007f9c00000, 0x00000007fde00000, 0x0000000800000000)
  eden space 26624K, 0% used [0x00000007f9c00000,0x00000007f9c00000,0x00000007fb600000)
  from space 2048K, 98% used [0x00000007fb600000,0x00000007fb7f8020,0x00000007fb800000)
  to   space 7168K, 0% used [0x00000007fd700000,0x00000007fd700000,0x00000007fde00000)
 ParOldGen       total 34304K, used 10863K [0x00000007ed400000, 0x00000007ef580000, 0x00000007f9c00000)
  object space 34304K, 31% used [0x00000007ed400000,0x00000007ede9bfc0,0x00000007ef580000)
 PSPermGen       total 21504K, used 17607K [0x00000007e5c00000, 0x00000007e7100000, 0x00000007ed400000)
  object space 21504K, 81% used [0x00000007e5c00000,0x00000007e6d31f10,0x00000007e7100000)
}
Event: 7.293 GC heap before
{Heap before GC invocations=6 (full 0):
 PSYoungGen      total 28672K, used 28640K [0x00000007f9c00000, 0x00000007fde00000, 0x0000000800000000)
  eden space 26624K, 100% used [0x00000007f9c00000,0x00000007fb600000,0x00000007fb600000)
  from space 2048K, 98% used [0x00000007fb600000,0x00000007fb7f8020,0x00000007fb800000)
  to   space 7168K, 0% used [0x00000007fd700000,0x00000007fd700000,0x00000007fde00000)
 ParOldGen       total 34304K, used 10863K [0x00000007ed400000, 0x00000007ef580000, 0x00000007f9c00000)
  object space 34304K, 31% used [0x00000007ed400000,0x00000007ede9bfc0,0x00000007ef580000)
 PSPermGen       total 21504K, used 21125K [0x00000007e5c00000, 0x00000007e7100000, 0x00000007ed400000)
  object space 21504K, 98% used [0x00000007e5c00000,0x00000007e70a16e0,0x00000007e7100000)
Event: 7.301 GC heap after
Heap after GC invocations=6 (full 0):
 PSYoungGen      total 59392K, used 6441K [0x00000007f9c00000, 0x00000007fe000000, 0x0000000800000000)
  eden space 52224K, 0% used [0x00000007f9c00000,0x00000007f9c00000,0x00000007fcf00000)
  from space 7168K, 89% used [0x00000007fd700000,0x00000007fdd4a6a0,0x00000007fde00000)
  to   space 8192K, 0% used [0x00000007fcf00000,0x00000007fcf00000,0x00000007fd700000)
 ParOldGen       total 34304K, used 10863K [0x00000007ed400000, 0x00000007ef580000, 0x00000007f9c00000)
  object space 34304K, 31% used [0x00000007ed400000,0x00000007ede9bfc0,0x00000007ef580000)
 PSPermGen       total 21504K, used 21125K [0x00000007e5c00000, 0x00000007e7100000, 0x00000007ed400000)
  object space 21504K, 98% used [0x00000007e5c00000,0x00000007e70a16e0,0x00000007e7100000)
}

Deoptimization events (10 events):
Event: 6.152 Thread 0x00007fb609a1b000 Uncommon trap: reason=class_check action=maybe_recompile pc=0x000000010e064c44 method=java.util.Properties$LineReader.readLine()I @ 62
Event: 6.152 Thread 0x00007fb609a1b000 Uncommon trap: reason=class_check action=maybe_recompile pc=0x000000010e064c44 method=java.util.Properties$LineReader.readLine()I @ 62
Event: 6.409 Thread 0x00007fb609a1b000 Uncommon trap: reason=unreached action=reinterpret pc=0x000000010e07e828 method=java.util.regex.Pattern.compile()V @ 271
Event: 6.433 Thread 0x00007fb609a1b000 Uncommon trap: reason=unloaded action=reinterpret pc=0x000000010e094e68 method=java.util.regex.Pattern.escape(ZZ)I @ 711
Event: 6.482 Thread 0x00007fb609a1b000 Uncommon trap: reason=unloaded action=reinterpret pc=0x000000010e08d2bc method=java.util.regex.Pattern.RemoveQEQuoting()V @ 109
Event: 6.482 Thread 0x00007fb609a1b000 Uncommon trap: reason=unreached action=reinterpret pc=0x000000010e0c054c method=java.util.regex.Pattern.sequence(Ljava/util/regex/Pattern$Node;)Ljava/util/regex/Pattern$Node; @ 536
Event: 46.369 Thread 0x00007fb609998800 Uncommon trap: reason=class_check action=maybe_recompile pc=0x000000010e0e41a0 method=com.singularity.ee.util.collections.bounded.f.c(I)Z @ 19
Event: 66.357 Thread 0x00007fb609a64800 Uncommon trap: reason=class_check action=maybe_recompile pc=0x000000010e0e41a0 method=com.singularity.ee.util.collections.bounded.f.c(I)Z @ 19
Event: 106.362 Thread 0x00007fb609998800 Uncommon trap: reason=class_check action=maybe_recompile pc=0x000000010e0e41a0 method=com.singularity.ee.util.collections.bounded.f.c(I)Z @ 19
Event: 166.362 Thread 0x00007fb609998800 Uncommon trap: reason=class_check action=maybe_recompile pc=0x000000010e0e41a0 method=com.singularity.ee.util.collections.bounded.f.c(I)Z @ 19

Internal exceptions (10 events):
Event: 7.291 Thread 0x00007fb609a1b000 Threw 0x00000007fb5d2258 at /HUDSON/workspace/7u-2-build-macosx-x86_64/jdk7u51/527/hotspot/src/share/vm/prims/jvm.cpp:1244
Event: 7.310 Thread 0x00007fb60997e800 Threw 0x00000007f9cf7770 at /HUDSON/workspace/7u-2-build-macosx-x86_64/jdk7u51/527/hotspot/src/share/vm/prims/jvm.cpp:1244
Event: 7.883 Thread 0x00007fb609a1e800 Threw 0x00000007fa0ab6f0 at /HUDSON/workspace/7u-2-build-macosx-x86_64/jdk7u51/527/hotspot/src/share/vm/prims/jvm.cpp:1244
Event: 7.886 Thread 0x00007fb609a1e800 Threw 0x00000007fa131210 at /HUDSON/workspace/7u-2-build-macosx-x86_64/jdk7u51/527/hotspot/src/share/vm/prims/jvm.cpp:1244
Event: 7.887 Thread 0x00007fb609a1e800 Threw 0x00000007fa135d08 at /HUDSON/workspace/7u-2-build-macosx-x86_64/jdk7u51/527/hotspot/src/share/vm/prims/jvm.cpp:1244
Event: 67.317 Thread 0x00007fb609a64800 Threw 0x00000007f9dc6b30 at /HUDSON/workspace/7u-2-build-macosx-x86_64/jdk7u51/527/hotspot/src/share/vm/runtime/reflection.cpp:1030
Event: 126.443 Thread 0x00007fb609a64800 Threw 0x00000007fa5e3de0 at /HUDSON/workspace/7u-2-build-macosx-x86_64/jdk7u51/527/hotspot/src/share/vm/prims/jvm.cpp:1244
Event: 187.497 Thread 0x00007fb608a2a000 Threw 0x00000007fa776d98 at /HUDSON/workspace/7u-2-build-macosx-x86_64/jdk7u51/527/hotspot/src/share/vm/runtime/reflection.cpp:1030
Event: 367.681 Thread 0x00007fb608a2a000 Threw 0x00000007fa976b48 at /HUDSON/workspace/7u-2-build-macosx-x86_64/jdk7u51/527/hotspot/src/share/vm/runtime/reflection.cpp:1030
Event: 607.877 Thread 0x00007fb609a64800 Threw 0x00000007fa653cd8 at /HUDSON/workspace/7u-2-build-macosx-x86_64/jdk7u51/527/hotspot/src/share/vm/runtime/reflection.cpp:1030

Events (10 events):
Event: 126.583 Executing VM operation: RevokeBias
Event: 126.583 Executing VM operation: RevokeBias done
Event: 127.310 Executing VM operation: RevokeBias
Event: 127.311 Executing VM operation: RevokeBias done
Event: 166.362 Thread 0x00007fb609998800 Uncommon trap: trap_request=0xffffffde fr.pc=0x000000010e0e41a0
Event: 166.362 Thread 0x00007fb609998800 DEOPT PACKING pc=0x000000010e0e41a0 sp=0x00000001165076c0
Event: 166.362 Thread 0x00007fb609998800 DEOPT UNPACKING pc=0x000000010e039045 sp=0x0000000116507670 mode 2
Event: 166.381 Thread 0x00007fb608818000 flushing nmethod 0x000000010e0bfcd0
Event: 307.256 Executing VM operation: RevokeBias
Event: 307.256 Executing VM operation: RevokeBias done


Dynamic libraries:
0x000000000962c000 	/System/Library/Frameworks/Cocoa.framework/Versions/A/Cocoa
0x000000000962c000 	/System/Library/Frameworks/Security.framework/Versions/A/Security
0x000000000962c000 	/System/Library/Frameworks/ApplicationServices.framework/Versions/A/ApplicationServices
0x000000000962c000 	/usr/lib/libz.1.dylib
0x000000000962c000 	/usr/lib/libSystem.B.dylib
0x000000000962c000 	/usr/lib/libobjc.A.dylib
0x000000000962c000 	/System/Library/Frameworks/CoreFoundation.framework/Versions/A/CoreFoundation
0x000000000962c000 	/System/Library/Frameworks/Foundation.framework/Versions/C/Foundation
0x000000000962c000 	/System/Library/Frameworks/AppKit.framework/Versions/C/AppKit
0x000000000962c000 	/System/Library/Frameworks/CoreData.framework/Versions/A/CoreData
0x000000000962c000 	/System/Library/PrivateFrameworks/RemoteViewServices.framework/Versions/A/RemoteViewServices
0x000000000962c000 	/System/Library/PrivateFrameworks/UIFoundation.framework/Versions/A/UIFoundation
0x000000000962c000 	/System/Library/Frameworks/IOSurface.framework/Versions/A/IOSurface
0x000000000962c000 	/System/Library/Frameworks/AudioToolbox.framework/Versions/A/AudioToolbox
0x000000000962c000 	/System/Library/Frameworks/AudioUnit.framework/Versions/A/AudioUnit
0x000000000962c000 	/System/Library/PrivateFrameworks/DataDetectorsCore.framework/Versions/A/DataDetectorsCore
0x000000000962c000 	/System/Library/PrivateFrameworks/DesktopServicesPriv.framework/Versions/A/DesktopServicesPriv
0x000000000962c000 	/System/Library/Frameworks/Carbon.framework/Versions/A/Frameworks/HIToolbox.framework/Versions/A/HIToolbox
0x000000000962c000 	/System/Library/Frameworks/QuartzCore.framework/Versions/A/QuartzCore
0x000000000962c000 	/System/Library/Frameworks/Carbon.framework/Versions/A/Frameworks/SpeechRecognition.framework/Versions/A/SpeechRecognition
0x000000000962c000 	/usr/lib/libauto.dylib
0x000000000962c000 	/usr/lib/libicucore.A.dylib
0x000000000962c000 	/usr/lib/libxml2.2.dylib
0x000000000962c000 	/System/Library/PrivateFrameworks/CoreUI.framework/Versions/A/CoreUI
0x000000000962c000 	/System/Library/Frameworks/CoreAudio.framework/Versions/A/CoreAudio
0x000000000962c000 	/System/Library/Frameworks/DiskArbitration.framework/Versions/A/DiskArbitration
0x000000000962c000 	/usr/lib/liblangid.dylib
0x000000000962c000 	/System/Library/PrivateFrameworks/MultitouchSupport.framework/Versions/A/MultitouchSupport
0x000000000962c000 	/System/Library/Frameworks/IOKit.framework/Versions/A/IOKit
0x000000000962c000 	/usr/lib/libDiagnosticMessagesClient.dylib
0x000000000962c000 	/System/Library/Frameworks/CoreServices.framework/Versions/A/CoreServices
0x000000000962c000 	/System/Library/PrivateFrameworks/PerformanceAnalysis.framework/Versions/A/PerformanceAnalysis
0x000000000962c000 	/System/Library/PrivateFrameworks/GenerationalStorage.framework/Versions/A/GenerationalStorage
0x000000000962c000 	/System/Library/Frameworks/OpenGL.framework/Versions/A/OpenGL
0x000000000962c000 	/System/Library/PrivateFrameworks/Sharing.framework/Versions/A/Sharing
0x000000000962c000 	/System/Library/Frameworks/CoreGraphics.framework/Versions/A/CoreGraphics
0x000000000962c000 	/System/Library/Frameworks/CoreText.framework/Versions/A/CoreText
0x000000000962c000 	/System/Library/Frameworks/ImageIO.framework/Versions/A/ImageIO
0x000000000962c000 	/usr/lib/libextension.dylib
0x000000000962c000 	/System/Library/PrivateFrameworks/Backup.framework/Versions/A/Backup
0x000000000962c000 	/usr/lib/libarchive.2.dylib
0x000000000962c000 	/System/Library/Frameworks/CFNetwork.framework/Versions/A/CFNetwork
0x000000000962c000 	/System/Library/Frameworks/SystemConfiguration.framework/Versions/A/SystemConfiguration
0x000000000962c000 	/usr/lib/libCRFSuite.dylib
0x000000000962c000 	/usr/lib/libc++.1.dylib
0x000000000962c000 	/usr/lib/libc++abi.dylib
0x000000000962c000 	/usr/lib/system/libcache.dylib
0x000000000962c000 	/usr/lib/system/libcommonCrypto.dylib
0x000000000962c000 	/usr/lib/system/libcompiler_rt.dylib
0x000000000962c000 	/usr/lib/system/libcopyfile.dylib
0x000000000962c000 	/usr/lib/system/libcorecrypto.dylib
0x000000000962c000 	/usr/lib/system/libdispatch.dylib
0x000000000962c000 	/usr/lib/system/libdyld.dylib
0x000000000962c000 	/usr/lib/system/libkeymgr.dylib
0x000000000962c000 	/usr/lib/system/liblaunch.dylib
0x000000000962c000 	/usr/lib/system/libmacho.dylib
0x000000000962c000 	/usr/lib/system/libquarantine.dylib
0x000000000962c000 	/usr/lib/system/libremovefile.dylib
0x000000000962c000 	/usr/lib/system/libsystem_asl.dylib
0x000000000962c000 	/usr/lib/system/libsystem_blocks.dylib
0x000000000962c000 	/usr/lib/system/libsystem_c.dylib
0x000000000962c000 	/usr/lib/system/libsystem_configuration.dylib
0x000000000962c000 	/usr/lib/system/libsystem_coreservices.dylib
0x000000000962c000 	/usr/lib/system/libsystem_coretls.dylib
0x000000000962c000 	/usr/lib/system/libsystem_dnssd.dylib
0x000000000962c000 	/usr/lib/system/libsystem_info.dylib
0x000000000962c000 	/usr/lib/system/libsystem_kernel.dylib
0x000000000962c000 	/usr/lib/system/libsystem_m.dylib
0x000000000962c000 	/usr/lib/system/libsystem_malloc.dylib
0x000000000962c000 	/usr/lib/system/libsystem_network.dylib
0x000000000962c000 	/usr/lib/system/libsystem_networkextension.dylib
0x000000000962c000 	/usr/lib/system/libsystem_notify.dylib
0x000000000962c000 	/usr/lib/system/libsystem_platform.dylib
0x000000000962c000 	/usr/lib/system/libsystem_pthread.dylib
0x000000000962c000 	/usr/lib/system/libsystem_sandbox.dylib
0x000000000962c000 	/usr/lib/system/libsystem_secinit.dylib
0x000000000962c000 	/usr/lib/system/libsystem_stats.dylib
0x000000000962c000 	/usr/lib/system/libsystem_trace.dylib
0x000000000962c000 	/usr/lib/system/libunc.dylib
0x000000000962c000 	/usr/lib/system/libunwind.dylib
0x000000000962c000 	/usr/lib/system/libxpc.dylib
0x000000000962c000 	/usr/lib/libbz2.1.0.dylib
0x000000000962c000 	/usr/lib/liblzma.5.dylib
0x000000000962c000 	/usr/lib/libbsm.0.dylib
0x000000000962c000 	/usr/lib/libsqlite3.dylib
0x000000000962c000 	/usr/lib/system/libkxld.dylib
0x000000000962c000 	/usr/lib/libxar.1.dylib
0x000000000962c000 	/usr/lib/libpam.2.dylib
0x000000000962c000 	/usr/lib/libOpenScriptingUtil.dylib
0x000000000962c000 	/System/Library/Frameworks/CoreServices.framework/Versions/A/Frameworks/FSEvents.framework/Versions/A/FSEvents
0x000000000962c000 	/System/Library/Frameworks/CoreServices.framework/Versions/A/Frameworks/CarbonCore.framework/Versions/A/CarbonCore
0x000000000962c000 	/System/Library/Frameworks/CoreServices.framework/Versions/A/Frameworks/Metadata.framework/Versions/A/Metadata
0x000000000962c000 	/System/Library/Frameworks/CoreServices.framework/Versions/A/Frameworks/OSServices.framework/Versions/A/OSServices
0x000000000962c000 	/System/Library/Frameworks/CoreServices.framework/Versions/A/Frameworks/SearchKit.framework/Versions/A/SearchKit
0x000000000962c000 	/System/Library/Frameworks/CoreServices.framework/Versions/A/Frameworks/AE.framework/Versions/A/AE
0x000000000962c000 	/System/Library/Frameworks/CoreServices.framework/Versions/A/Frameworks/LaunchServices.framework/Versions/A/LaunchServices
0x000000000962c000 	/System/Library/Frameworks/CoreServices.framework/Versions/A/Frameworks/DictionaryServices.framework/Versions/A/DictionaryServices
0x000000000962c000 	/System/Library/Frameworks/NetFS.framework/Versions/A/NetFS
0x000000000962c000 	/System/Library/PrivateFrameworks/NetAuth.framework/Versions/A/NetAuth
0x000000000962c000 	/System/Library/PrivateFrameworks/login.framework/Versions/A/Frameworks/loginsupport.framework/Versions/A/loginsupport
0x000000000962c000 	/System/Library/PrivateFrameworks/TCC.framework/Versions/A/TCC
0x000000000962c000 	/usr/lib/libmecabra.dylib
0x000000000962c000 	/System/Library/Frameworks/ApplicationServices.framework/Versions/A/Frameworks/ATS.framework/Versions/A/ATS
0x000000000962c000 	/System/Library/Frameworks/ApplicationServices.framework/Versions/A/Frameworks/ColorSync.framework/Versions/A/ColorSync
0x000000000962c000 	/System/Library/Frameworks/ApplicationServices.framework/Versions/A/Frameworks/HIServices.framework/Versions/A/HIServices
0x000000000962c000 	/System/Library/Frameworks/ApplicationServices.framework/Versions/A/Frameworks/LangAnalysis.framework/Versions/A/LangAnalysis
0x000000000962c000 	/System/Library/Frameworks/ApplicationServices.framework/Versions/A/Frameworks/PrintCore.framework/Versions/A/PrintCore
0x000000000962c000 	/System/Library/Frameworks/ApplicationServices.framework/Versions/A/Frameworks/QD.framework/Versions/A/QD
0x000000000962c000 	/System/Library/Frameworks/ApplicationServices.framework/Versions/A/Frameworks/SpeechSynthesis.framework/Versions/A/SpeechSynthesis
0x000000000962c000 	/System/Library/Frameworks/Accelerate.framework/Versions/A/Accelerate
0x000000000962c000 	/System/Library/Frameworks/Accelerate.framework/Versions/A/Frameworks/vImage.framework/Versions/A/vImage
0x000000000962c000 	/System/Library/Frameworks/Accelerate.framework/Versions/A/Frameworks/vecLib.framework/Versions/A/vecLib
0x000000000962c000 	/System/Library/Frameworks/Accelerate.framework/Versions/A/Frameworks/vecLib.framework/Versions/A/libvDSP.dylib
0x000000000962c000 	/System/Library/Frameworks/Accelerate.framework/Versions/A/Frameworks/vecLib.framework/Versions/A/libvMisc.dylib
0x000000000962c000 	/System/Library/Frameworks/Accelerate.framework/Versions/A/Frameworks/vecLib.framework/Versions/A/libLAPACK.dylib
0x000000000962c000 	/System/Library/Frameworks/Accelerate.framework/Versions/A/Frameworks/vecLib.framework/Versions/A/libBLAS.dylib
0x000000000962c000 	/System/Library/Frameworks/Accelerate.framework/Versions/A/Frameworks/vecLib.framework/Versions/A/libLinearAlgebra.dylib
0x000000000962c000 	/System/Library/Frameworks/ApplicationServices.framework/Versions/A/Frameworks/ATS.framework/Versions/A/Resources/libFontParser.dylib
0x000000000962c000 	/System/Library/Frameworks/ApplicationServices.framework/Versions/A/Frameworks/ATS.framework/Versions/A/Resources/libFontRegistry.dylib
0x000000000962c000 	/System/Library/PrivateFrameworks/AppleVPA.framework/Versions/A/AppleVPA
0x000000000962c000 	/System/Library/PrivateFrameworks/AppleJPEG.framework/Versions/A/AppleJPEG
0x000000000962c000 	/System/Library/Frameworks/ImageIO.framework/Versions/A/Resources/libJPEG.dylib
0x000000000962c000 	/System/Library/Frameworks/ImageIO.framework/Versions/A/Resources/libTIFF.dylib
0x000000000962c000 	/System/Library/Frameworks/ImageIO.framework/Versions/A/Resources/libPng.dylib
0x000000000962c000 	/System/Library/Frameworks/ImageIO.framework/Versions/A/Resources/libGIF.dylib
0x000000000962c000 	/System/Library/Frameworks/ImageIO.framework/Versions/A/Resources/libJP2.dylib
0x000000000962c000 	/System/Library/Frameworks/ImageIO.framework/Versions/A/Resources/libRadiance.dylib
0x000000000962c000 	/System/Library/Frameworks/CoreVideo.framework/Versions/A/CoreVideo
0x000000000962c000 	/System/Library/Frameworks/OpenGL.framework/Versions/A/Libraries/libGLU.dylib
0x000000000962c000 	/System/Library/Frameworks/OpenGL.framework/Versions/A/Libraries/libGFXShared.dylib
0x000000000962c000 	/System/Library/Frameworks/OpenGL.framework/Versions/A/Libraries/libGL.dylib
0x000000000962c000 	/System/Library/Frameworks/OpenGL.framework/Versions/A/Libraries/libGLImage.dylib
0x000000000962c000 	/System/Library/Frameworks/OpenGL.framework/Versions/A/Libraries/libCVMSPluginSupport.dylib
0x000000000962c000 	/System/Library/Frameworks/OpenGL.framework/Versions/A/Libraries/libCoreVMClient.dylib
0x000000000962c000 	/usr/lib/libcups.2.dylib
0x000000000962c000 	/System/Library/Frameworks/Kerberos.framework/Versions/A/Kerberos
0x000000000962c000 	/System/Library/Frameworks/GSS.framework/Versions/A/GSS
0x000000000962c000 	/usr/lib/libresolv.9.dylib
0x000000000962c000 	/usr/lib/libiconv.2.dylib
0x000000000962c000 	/System/Library/PrivateFrameworks/Heimdal.framework/Versions/A/Heimdal
0x000000000962c000 	/usr/lib/libheimdal-asn1.dylib
0x000000000962c000 	/System/Library/Frameworks/OpenDirectory.framework/Versions/A/OpenDirectory
0x000000000962c000 	/System/Library/PrivateFrameworks/CommonAuth.framework/Versions/A/CommonAuth
0x000000000962c000 	/System/Library/Frameworks/OpenDirectory.framework/Versions/A/Frameworks/CFOpenDirectory.framework/Versions/A/CFOpenDirectory
0x000000000962c000 	/System/Library/Frameworks/SecurityFoundation.framework/Versions/A/SecurityFoundation
0x000000000962c000 	/System/Library/PrivateFrameworks/LanguageModeling.framework/Versions/A/LanguageModeling
0x000000000962c000 	/usr/lib/libcmph.dylib
0x000000000962c000 	/System/Library/Frameworks/ServiceManagement.framework/Versions/A/ServiceManagement
0x000000000962c000 	/usr/lib/libxslt.1.dylib
0x000000000962c000 	/System/Library/Frameworks/Carbon.framework/Versions/A/Frameworks/Ink.framework/Versions/A/Ink
0x000000000962c000 	/System/Library/Frameworks/QuartzCore.framework/Versions/A/Frameworks/CoreImage.framework/Versions/A/CoreImage
0x000000000962c000 	/System/Library/PrivateFrameworks/CrashReporterSupport.framework/Versions/A/CrashReporterSupport
0x000000000962c000 	/System/Library/Frameworks/OpenCL.framework/Versions/A/OpenCL
0x000000000962c000 	/System/Library/PrivateFrameworks/FaceCore.framework/Versions/A/FaceCore
0x000000000962c000 	/System/Library/PrivateFrameworks/Ubiquity.framework/Versions/A/Ubiquity
0x000000000962c000 	/System/Library/PrivateFrameworks/IconServices.framework/Versions/A/IconServices
0x000000000962c000 	/System/Library/PrivateFrameworks/ChunkingLibrary.framework/Versions/A/ChunkingLibrary
0x000000000962c000 	/System/Library/PrivateFrameworks/Apple80211.framework/Versions/A/Apple80211
0x000000000962c000 	/System/Library/Frameworks/CoreWLAN.framework/Versions/A/CoreWLAN
0x000000000962c000 	/System/Library/Frameworks/IOBluetooth.framework/Versions/A/IOBluetooth
0x000000000962c000 	/System/Library/PrivateFrameworks/CoreWiFi.framework/Versions/A/CoreWiFi
0x000000000962c000 	/System/Library/Frameworks/CoreBluetooth.framework/Versions/A/CoreBluetooth
0x000000000962c000 	/System/Library/PrivateFrameworks/DebugSymbols.framework/Versions/A/DebugSymbols
0x000000000962c000 	/System/Library/PrivateFrameworks/CoreSymbolication.framework/Versions/A/CoreSymbolication
0x000000000962c000 	/System/Library/PrivateFrameworks/Symbolication.framework/Versions/A/Symbolication
0x000000000962c000 	/System/Library/PrivateFrameworks/SpeechRecognitionCore.framework/Versions/A/SpeechRecognitionCore
0x000000010cbb8000 	/Users/ajHurliman/dev/finalsSolutions/node_modules/appdynamics/node_modules/appdynamics-jre/jre/lib/server/libjvm.dylib
0x000000000962c000 	/usr/lib/libstdc++.6.dylib
0x000000010d725000 	/Users/ajHurliman/dev/finalsSolutions/node_modules/appdynamics/node_modules/appdynamics-jre/jre/lib/libverify.dylib
0x000000010d732000 	/Users/ajHurliman/dev/finalsSolutions/node_modules/appdynamics/node_modules/appdynamics-jre/jre/lib/libjava.dylib
0x000000010d76c000 	/Users/ajHurliman/dev/finalsSolutions/node_modules/appdynamics/node_modules/appdynamics-jre/jre/lib/libzip.dylib
0x000000010d7e3000 	/System/Library/Frameworks/JavaVM.framework/Frameworks/JavaRuntimeSupport.framework/JavaRuntimeSupport
0x000000011398c000 	/System/Library/Frameworks/JavaVM.framework/Versions/A/Frameworks/JavaNativeFoundation.framework/Versions/A/JavaNativeFoundation
0x00000001139a0000 	/System/Library/Frameworks/JavaVM.framework/Versions/A/JavaVM
0x000000000962c000 	/System/Library/Frameworks/Carbon.framework/Versions/A/Carbon
0x00000001139ac000 	/System/Library/PrivateFrameworks/JavaLaunching.framework/Versions/A/JavaLaunching
0x000000000962c000 	/System/Library/Frameworks/Carbon.framework/Versions/A/Frameworks/CommonPanels.framework/Versions/A/CommonPanels
0x000000000962c000 	/System/Library/Frameworks/Carbon.framework/Versions/A/Frameworks/Help.framework/Versions/A/Help
0x000000000962c000 	/System/Library/Frameworks/Carbon.framework/Versions/A/Frameworks/ImageCapture.framework/Versions/A/ImageCapture
0x000000000962c000 	/System/Library/Frameworks/Carbon.framework/Versions/A/Frameworks/OpenScripting.framework/Versions/A/OpenScripting
0x000000000962c000 	/System/Library/Frameworks/Carbon.framework/Versions/A/Frameworks/Print.framework/Versions/A/Print
0x000000000962c000 	/System/Library/Frameworks/Carbon.framework/Versions/A/Frameworks/SecurityHI.framework/Versions/A/SecurityHI
0x000000011596b000 	/Users/ajHurliman/dev/finalsSolutions/node_modules/appdynamics/node_modules/appdynamics-jre/jre/lib/libnio.dylib
0x000000011597a000 	/Users/ajHurliman/dev/finalsSolutions/node_modules/appdynamics/node_modules/appdynamics-jre/jre/lib/./libnet.dylib
0x00000001159d7000 	/Users/ajHurliman/dev/finalsSolutions/node_modules/appdynamics/node_modules/appdynamics-proxy/proxy/lib/tp/libjzmq.dylib
0x0000000115fb5000 	/Users/ajHurliman/dev/finalsSolutions/node_modules/appdynamics/node_modules/appdynamics-jre/jre/lib/libmanagement.dylib

VM Arguments:
jvm_args: -Xmx300m -Xms50m -Djava.library.path=/Users/ajHurliman/dev/finalsSolutions/node_modules/appdynamics/node_modules/appdynamics-proxy/proxy/lib/tp -Dappdynamics.agent.logs.dir=/tmp/appd/683ab73ec96a118e2424a727a1587084/proxy/l -Dcomm=/tmp/appd/683ab73ec96a118e2424a727a1587084/proxy/c -DagentType=NODEJS_APP_AGENT -Dappdynamics.agent.runtime.dir=/tmp/appd/683ab73ec96a118e2424a727a1587084/proxy/r -Dlog4j.ignoreTCL=true -XX:MaxPermSize=120m -XX:-UseGCOverheadLimit -Dregister=false 
java_command: com.appdynamics.ee.agent.proxy.bootstrap.ProxyControlEntryPoint
Launcher Type: SUN_STANDARD

Environment Variables:
JAVA_HOME=/Library/Java/JavaVirtualMachines/jdk1.7.0_75.jdk/Contents/Home
PATH=/Library/Frameworks/Python.framework/Versions/3.4/bin:/usr/local/heroku/bin:/usr/local/bin:/usr/bin:/bin:/usr/sbin:/sbin:/opt/X11/bin
SHELL=/bin/bash
DISPLAY=/private/tmp/com.apple.launchd.ydDQY4A88p/org.macosforge.xquartz:0

Signal Handlers:
SIGSEGV: [libjvm.dylib+0x525425], sa_mask[0]=0xfffefeff, sa_flags=0x00000043
SIGBUS: [libjvm.dylib+0x525425], sa_mask[0]=0xfffefeff, sa_flags=0x00000042
SIGFPE: [libjvm.dylib+0x41892a], sa_mask[0]=0xfffefeff, sa_flags=0x00000042
SIGPIPE: [libjvm.dylib+0x41892a], sa_mask[0]=0xfffefeff, sa_flags=0x00000042
SIGXFSZ: [libjvm.dylib+0x41892a], sa_mask[0]=0xfffefeff, sa_flags=0x00000042
SIGILL: [libjvm.dylib+0x41892a], sa_mask[0]=0xfffefeff, sa_flags=0x00000042
SIGUSR1: SIG_DFL, sa_mask[0]=0xfffefeff, sa_flags=0x00000000
SIGUSR2: [libjvm.dylib+0x41841c], sa_mask[0]=0x00000000, sa_flags=0x00000042
SIGHUP: [libjvm.dylib+0x4166ab], sa_mask[0]=0xfffefeff, sa_flags=0x00000042
SIGINT: [libjvm.dylib+0x4166ab], sa_mask[0]=0xfffefeff, sa_flags=0x00000042
SIGTERM: [libjvm.dylib+0x4166ab], sa_mask[0]=0xfffefeff, sa_flags=0x00000042
SIGQUIT: [libjvm.dylib+0x4166ab], sa_mask[0]=0xfffefeff, sa_flags=0x00000042


---------------  S Y S T E M  ---------------

OS:Bsduname:Darwin 14.3.0 Darwin Kernel Version 14.3.0: Mon Mar 23 11:59:05 PDT 2015; root:xnu-2782.20.48~5/RELEASE_X86_64 x86_64
rlimit: STACK 8192k, CORE 0k, NPROC 709, NOFILE 10240, AS infinity
load average:1.90 1.87 1.80

CPU:total 4 (2 cores per cpu, 2 threads per core) family 6 model 61 stepping 4, cmov, cx8, fxsr, mmx, sse, sse2, sse3, ssse3, sse4.1, sse4.2, popcnt, avx, avx2, aes, erms, ht, tsc, tscinvbit

Memory: 4k page, physical 8388608k(2097152k free)

/proc/meminfo:


vm_info: Java HotSpot(TM) 64-Bit Server VM (24.51-b03) for bsd-amd64 JRE (1.7.0_51-b13), built on Dec 18 2013 18:45:56 by "java_re" with gcc 4.2.1 (Based on Apple Inc. build 5658) (LLVM build 2336.11.00)

time: Fri Oct  2 21:26:13 2015
elapsed time: 849 seconds

